Simulation 
Time Horizon: 180
Donor Deaths: 9.83201840422107
Total Deaths: 893.5353467875882
Total Vaccinations: 98729.15896270504
Donor Vaccinations: 49705.19026673694
Variant Area: area2
Day of Variant Emergence: 41.922957193321615

Vaccination Rates by Day 
    Day 0
        area1 1312.5
        area2 437.5

    Day 1
        area1 1312.5
        area2 437.5

    Day 2
        area1 1312.5
        area2 437.5

    Day 3
        area1 1312.5
        area2 437.5

    Day 4
        area1 1312.5
        area2 437.5

    Day 5
        area1 1312.5
        area2 437.5

    Day 6
        area1 1312.5
        area2 437.5

    Day 7
        area1 1312.5
        area2 437.5

    Day 8
        area1 1312.5
        area2 437.5

    Day 9
        area1 1312.5
        area2 437.5

    Day 10
        area1 1312.5
        area2 437.5

    Day 11
        area1 1312.5
        area2 437.5

    Day 12
        area1 1312.5
        area2 437.5

    Day 13
        area1 1312.5
        area2 437.5

    Day 14
        area1 1312.5
        area2 437.5

    Day 15
        area1 1312.5
        area2 437.5

    Day 16
        area1 1312.5
        area2 437.5

    Day 17
        area1 1312.5
        area2 437.5

    Day 18
        area1 1312.5
        area2 437.5

    Day 19
        area1 1312.5
        area2 437.5

    Day 20
        area1 1312.5
        area2 437.5

    Day 21
        area1 1312.5
        area2 437.5

    Day 22
        area1 1312.5
        area2 437.5

    Day 23
        area1 1312.5
        area2 437.5

    Day 24
        area1 1312.5
        area2 437.5

    Day 25
        area1 1312.5
        area2 437.5

    Day 26
        area1 1312.5
        area2 437.5

    Day 27
        area1 1312.5
        area2 437.5

    Day 28
        area1 1312.5
        area2 437.5

    Day 29
        area1 1312.5
        area2 437.5

    Day 30
        area1 1312.5
        area2 437.5

    Day 31
        area1 1312.5
        area2 437.5

    Day 32
        area1 1312.5
        area2 437.5

    Day 33
        area1 1312.5
        area2 437.5

    Day 34
        area1 1312.5
        area2 437.5

    Day 35
        area1 1312.5
        area2 437.5

    Day 36
        area1 1312.5
        area2 437.5

    Day 37
        area1 1142.6903
        area2 437.5

    Day 38
        area1 0.0
        area2 437.5

    Day 39
        area1 0.0
        area2 437.5

    Day 40
        area1 0.0
        area2 437.5

    Day 41
        area1 0.0
        area2 437.5

    Day 42
        area1 0.0
        area2 437.5

    Day 43
        area1 0.0
        area2 437.5

    Day 44
        area1 0.0
        area2 437.5

    Day 45
        area1 0.0
        area2 437.5

    Day 46
        area1 0.0
        area2 437.5

    Day 47
        area1 0.0
        area2 437.5

    Day 48
        area1 0.0
        area2 437.5

    Day 49
        area1 0.0
        area2 437.5

    Day 50
        area1 0.0
        area2 437.5

    Day 51
        area1 0.0
        area2 437.5

    Day 52
        area1 0.0
        area2 437.5

    Day 53
        area1 0.0
        area2 437.5

    Day 54
        area1 0.0
        area2 437.5

    Day 55
        area1 0.0
        area2 437.5

    Day 56
        area1 0.0
        area2 437.5

    Day 57
        area1 0.0
        area2 437.5

    Day 58
        area1 0.0
        area2 437.5

    Day 59
        area1 0.0
        area2 437.5

    Day 60
        area1 0.0
        area2 437.5

    Day 61
        area1 0.0
        area2 437.5

    Day 62
        area1 0.0
        area2 437.5

    Day 63
        area1 0.0
        area2 437.5

    Day 64
        area1 0.0
        area2 437.5

    Day 65
        area1 0.0
        area2 437.5

    Day 66
        area1 0.0
        area2 437.5

    Day 67
        area1 0.0
        area2 437.5

    Day 68
        area1 0.0
        area2 437.5

    Day 69
        area1 0.0
        area2 437.5

    Day 70
        area1 0.0
        area2 437.5

    Day 71
        area1 0.0
        area2 437.5

    Day 72
        area1 0.0
        area2 437.5

    Day 73
        area1 0.0
        area2 437.5

    Day 74
        area1 0.0
        area2 437.5

    Day 75
        area1 0.0
        area2 437.5

    Day 76
        area1 0.0
        area2 437.5

    Day 77
        area1 0.0
        area2 437.5

    Day 78
        area1 0.0
        area2 437.5

    Day 79
        area1 0.0
        area2 437.5

    Day 80
        area1 0.0
        area2 437.5

    Day 81
        area1 0.0
        area2 437.5

    Day 82
        area1 0.0
        area2 437.5

    Day 83
        area1 0.0
        area2 437.5

    Day 84
        area1 0.0
        area2 437.5

    Day 85
        area1 0.0
        area2 437.5

    Day 86
        area1 0.0
        area2 437.5

    Day 87
        area1 0.0
        area2 437.5

    Day 88
        area1 0.0
        area2 437.5

    Day 89
        area1 0.0
        area2 437.5

    Day 90
        area1 0.0
        area2 437.5

    Day 91
        area1 0.0
        area2 437.5

    Day 92
        area1 0.0
        area2 437.5

    Day 93
        area1 0.0
        area2 437.5

    Day 94
        area1 0.0
        area2 437.5

    Day 95
        area1 0.0
        area2 437.5

    Day 96
        area1 0.0
        area2 437.5

    Day 97
        area1 0.0
        area2 437.5

    Day 98
        area1 0.0
        area2 437.5

    Day 99
        area1 0.0
        area2 437.5

    Day 100
        area1 0.0
        area2 437.5

    Day 101
        area1 0.0
        area2 437.5

    Day 102
        area1 0.0
        area2 437.5

    Day 103
        area1 0.0
        area2 437.5

    Day 104
        area1 0.0
        area2 437.5

    Day 105
        area1 0.0
        area2 437.5

    Day 106
        area1 0.0
        area2 437.5

    Day 107
        area1 0.0
        area2 437.5

    Day 108
        area1 0.0
        area2 437.5

    Day 109
        area1 0.0
        area2 437.5

    Day 110
        area1 0.0
        area2 437.5

    Day 111
        area1 0.0
        area2 437.5

    Day 112
        area1 0.0
        area2 23.9687

    Day 113
        area1 0.0
        area2 0.0

    Day 114
        area1 0.0
        area2 0.0

    Day 115
        area1 0.0
        area2 0.0

    Day 116
        area1 0.0
        area2 0.0

    Day 117
        area1 0.0
        area2 0.0

    Day 118
        area1 0.0
        area2 0.0

    Day 119
        area1 0.0
        area2 0.0

    Day 120
        area1 0.0
        area2 0.0

    Day 121
        area1 0.0
        area2 0.0

    Day 122
        area1 0.0
        area2 0.0

    Day 123
        area1 0.0
        area2 0.0

    Day 124
        area1 0.0
        area2 0.0

    Day 125
        area1 0.0
        area2 0.0

    Day 126
        area1 0.0
        area2 0.0

    Day 127
        area1 0.0
        area2 0.0

    Day 128
        area1 0.0
        area2 0.0

    Day 129
        area1 0.0
        area2 0.0

    Day 130
        area1 0.0
        area2 0.0

    Day 131
        area1 0.0
        area2 0.0

    Day 132
        area1 0.0
        area2 0.0

    Day 133
        area1 0.0
        area2 0.0

    Day 134
        area1 0.0
        area2 0.0

    Day 135
        area1 0.0
        area2 0.0

    Day 136
        area1 0.0
        area2 0.0

    Day 137
        area1 0.0
        area2 0.0

    Day 138
        area1 0.0
        area2 0.0

    Day 139
        area1 0.0
        area2 0.0

    Day 140
        area1 0.0
        area2 0.0

    Day 141
        area1 0.0
        area2 0.0

    Day 142
        area1 0.0
        area2 0.0

    Day 143
        area1 0.0
        area2 0.0

    Day 144
        area1 0.0
        area2 0.0

    Day 145
        area1 0.0
        area2 0.0

    Day 146
        area1 0.0
        area2 0.0

    Day 147
        area1 0.0
        area2 0.0

    Day 148
        area1 0.0
        area2 0.0

    Day 149
        area1 0.0
        area2 0.0

    Day 150
        area1 0.0
        area2 0.0

    Day 151
        area1 0.0
        area2 0.0

    Day 152
        area1 0.0
        area2 0.0

    Day 153
        area1 0.0
        area2 0.0

    Day 154
        area1 0.0
        area2 0.0

    Day 155
        area1 0.0
        area2 0.0

    Day 156
        area1 0.0
        area2 0.0

    Day 157
        area1 0.0
        area2 0.0

    Day 158
        area1 0.0
        area2 0.0

    Day 159
        area1 0.0
        area2 0.0

    Day 160
        area1 0.0
        area2 0.0

    Day 161
        area1 0.0
        area2 0.0

    Day 162
        area1 0.0
        area2 0.0

    Day 163
        area1 0.0
        area2 0.0

    Day 164
        area1 0.0
        area2 0.0

    Day 165
        area1 0.0
        area2 0.0

    Day 166
        area1 0.0
        area2 0.0

    Day 167
        area1 0.0
        area2 0.0

    Day 168
        area1 0.0
        area2 0.0

    Day 169
        area1 0.0
        area2 0.0

    Day 170
        area1 0.0
        area2 0.0

    Day 171
        area1 0.0
        area2 0.0

    Day 172
        area1 0.0
        area2 0.0

    Day 173
        area1 0.0
        area2 0.0

    Day 174
        area1 0.0
        area2 0.0

    Day 175
        area1 0.0
        area2 0.0

    Day 176
        area1 0.0
        area2 0.0

    Day 177
        area1 0.0
        area2 0.0

    Day 178
        area1 0.0
        area2 0.0

    Day 179
        area1 0.0
        area2 0.0



State Variables

Alpha
   day      area1     area2   
    0        0.6       0.6    
    1        0.6       0.6    
    2        0.6       0.6    
    3        0.6       0.6    
    4        0.6       0.6    
    5        0.6       0.6    
    6        0.6       0.6    
    7        0.6       0.6    
    8        0.6       0.6    
    9        0.6       0.6    
    10       0.6       0.6    
    11       0.6       0.6    
    12       0.6       0.6    
    13       0.6       0.6    
    14       0.6       0.6    
    15       0.6       0.6    
    16       0.6       0.6    
    17       0.6       0.6    
    18       0.6       0.6    
    19       0.6       0.6    
    20       0.6       0.6    
    21       0.6       0.6    
    22       0.6       0.6    
    23       0.6       0.6    
    24       0.6       0.6    
    25       0.6       0.6    
    26       0.6       0.6    
    27       0.6       0.6    
    28       0.6       0.6    
    29       0.6       0.6    
    30       0.6       0.6    
    31       0.6       0.6    
    32       0.6       0.6    
    33       0.6       0.6    
    34       0.6       0.6    
    35       0.6       0.6    
    36       0.6       0.6    
    37       0.6       0.6    
    38       0.6       0.6    
    39       0.6       0.6    
    40       0.6       0.6    
    41       0.6       0.6    
    42       0.6       0.6    
    43       0.6       0.61   
    44       0.6       0.61   
    45       0.6       0.61   
    46       0.6       0.61   
    47       0.6       0.61   
    48       0.6       0.61   
    49       0.6       0.61   
    50       0.6       0.61   
    51       0.6       0.61   
    52       0.6       0.62   
    53       0.6       0.62   
    54       0.6       0.62   
    55       0.6       0.62   
    56       0.6       0.62   
    57       0.6       0.63   
    58       0.6       0.63   
    59       0.6       0.63   
    60       0.6       0.64   
    61       0.61      0.64   
    62       0.61      0.64   
    63       0.61      0.65   
    64       0.61      0.65   
    65       0.61      0.66   
    66       0.61      0.66   
    67       0.61      0.67   
    68       0.61      0.68   
    69       0.61      0.68   
    70       0.61      0.69   
    71       0.61      0.7    
    72       0.62      0.71   
    73       0.62      0.72   
    74       0.62      0.73   
    75       0.62      0.74   
    76       0.62      0.75   
    77       0.63      0.76   
    78       0.63      0.77   
    79       0.63      0.78   
    80       0.64      0.8    
    81       0.64      0.81   
    82       0.64      0.83   
    83       0.65      0.84   
    84       0.65      0.86   
    85       0.66      0.87   
    86       0.66      0.89   
    87       0.67      0.9    
    88       0.68      0.92   
    89       0.68      0.93   
    90       0.69      0.95   
    91       0.7       0.96   
    92       0.71      0.98   
    93       0.72      0.99   
    94       0.73      1.0    
    95       0.74      1.02   
    96       0.75      1.03   
    97       0.76      1.04   
    98       0.77      1.05   
    99       0.78      1.06   
   100       0.8       1.08   
   101       0.81      1.08   
   102       0.83      1.09   
   103       0.84      1.1    
   104       0.86      1.11   
   105       0.87      1.12   
   106       0.89      1.13   
   107       0.9       1.13   
   108       0.92      1.14   
   109       0.93      1.14   
   110       0.95      1.15   
   111       0.96      1.15   
   112       0.98      1.16   
   113       0.99      1.16   
   114       1.0       1.16   
   115       1.02      1.17   
   116       1.03      1.17   
   117       1.04      1.17   
   118       1.05      1.18   
   119       1.06      1.18   
   120       1.08      1.18   
   121       1.08      1.18   
   122       1.09      1.18   
   123       1.1       1.19   
   124       1.11      1.19   
   125       1.12      1.19   
   126       1.13      1.19   
   127       1.13      1.19   
   128       1.14      1.19   
   129       1.14      1.19   
   130       1.15      1.19   
   131       1.15      1.19   
   132       1.16      1.19   
   133       1.16      1.19   
   134       1.16      1.2    
   135       1.17      1.2    
   136       1.17      1.2    
   137       1.17      1.2    
   138       1.18      1.2    
   139       1.18      1.2    
   140       1.18      1.2    
   141       1.18      1.2    
   142       1.18      1.2    
   143       1.19      1.2    
   144       1.19      1.2    
   145       1.19      1.2    
   146       1.19      1.2    
   147       1.19      1.2    
   148       1.19      1.2    
   149       1.19      1.2    
   150       1.19      1.2    
   151       1.19      1.2    
   152       1.19      1.2    
   153       1.19      1.2    
   154       1.2       1.2    
   155       1.2       1.2    
   156       1.2       1.2    
   157       1.2       1.2    
   158       1.2       1.2    
   159       1.2       1.2    
   160       1.2       1.2    
   161       1.2       1.2    
   162       1.2       1.2    
   163       1.2       1.2    
   164       1.2       1.2    
   165       1.2       1.2    
   166       1.2       1.2    
   167       1.2       1.2    
   168       1.2       1.2    
   169       1.2       1.2    
   170       1.2       1.2    
   171       1.2       1.2    
   172       1.2       1.2    
   173       1.2       1.2    
   174       1.2       1.2    
   175       1.2       1.2    
   176       1.2       1.2    
   177       1.2       1.2    
   178       1.2       1.2    
   179       1.2       1.2    

Susceptible
   day      area1     area2   
    1      48625.46  89464.4  
    2      47304.28  89008.58 
    3      45983.13  88551.86 
    4      44661.93  88093.72 
    5      43340.65  87633.89 
    6      42019.28  87172.14 
    7      40697.85  86708.31 
    8      39376.38  86242.19 
    9      38054.88  85773.62 
    10     36733.38  85302.39 
    11     35411.9   84828.31 
    12     34090.49  84351.13 
    13     32769.15  83870.64 
    14     31447.92  83386.58 
    15     30126.83  82898.69 
    16     28805.91  82406.68 
    17     27485.18  81910.26 
    18     26164.67  81409.11 
    19     24844.41  80902.89 
    20     23524.43  80391.25 
    21     22204.75  79873.81 
    22     20885.38  79350.2  
    23     19566.36  78819.98 
    24     18247.71  78282.74 
    25     16929.43  77738.01 
    26     15611.55  77185.33 
    27     14294.08  76624.21 
    28     12977.04  76054.14 
    29     11660.42  75474.59 
    30     10344.23  74885.02 
    31     9028.48   74284.86 
    32     7713.17   73673.55 
    33      6398.3   73050.5  
    34     5083.85   72415.11 
    35     3769.83   71766.79 
    36     2456.22   71104.93 
    37     1143.01   70428.94 
    38       0.0     69738.21 
    39       0.0     69032.17 
    40       0.0     68310.24 
    41       0.0     67571.88 
    42       0.0     66816.56 
    43       0.0     66043.82 
    44       0.0     65249.27 
    45       0.0     64435.85 
    46       0.0     63602.78 
    47       0.0     62749.49 
    48       0.0     61875.5  
    49       0.0     60980.44 
    50       0.0     60064.0  
    51       0.0     59125.97 
    52       0.0     58166.2  
    53       0.0     57184.65 
    54       0.0     56181.36 
    55       0.0     55156.49 
    56       0.0     54110.27 
    57       0.0     53043.08 
    58       0.0     51955.39 
    59       0.0     50847.78 
    60       0.0     49720.96 
    61       0.0     48575.76 
    62       0.0     47413.1  
    63       0.0     46234.03 
    64       0.0     45039.72 
    65       0.0     43831.43 
    66       0.0     42610.53 
    67       0.0     41378.48 
    68       0.0     40136.83 
    69       0.0     38887.23 
    70       0.0     37631.37 
    71       0.0     36371.06 
    72       0.0     35108.15 
    73       0.0     33844.55 
    74       0.0     32582.22 
    75       0.0     31323.18 
    76       0.0     30069.49 
    77       0.0     28823.22 
    78       0.0     27586.5  
    79       0.0     26361.45 
    80       0.0     25150.2  
    81       0.0     23954.87 
    82       0.0     22777.54 
    83       0.0     21620.27 
    84       0.0     20485.01 
    85       0.0     19373.67 
    86       0.0     18287.99 
    87       0.0     17229.61 
    88       0.0     16199.95 
    89       0.0     15200.29 
    90       0.0     14231.66 
    91       0.0     13294.85 
    92       0.0     12390.4  
    93       0.0     11518.62 
    94       0.0     10679.51 
    95       0.0     9872.84  
    96       0.0     9098.12  
    97       0.0     8354.64  
    98       0.0     7641.44  
    99       0.0     6957.39  
   100       0.0      6301.2  
   101       0.0     5671.44  
   102       0.0     5066.56  
   103       0.0     4484.95  
   104       0.0     3924.93  
   105       0.0     3384.82  
   106       0.0     2862.93  
   107       0.0     2357.59  
   108       0.0     1867.17  
   109       0.0      1390.1  
   110       0.0      924.88  
   111       0.0      470.09  
   112       0.0      24.37   
   113       0.0       -0.0   
   114       0.0       0.0    
   115       0.0       0.0    
   116       0.0       0.0    
   117       0.0       0.0    
   118       0.0       0.0    
   119       0.0       0.0    
   120       0.0       0.0    
   121       0.0       0.0    
   122       0.0       0.0    
   123       0.0       0.0    
   124       0.0       0.0    
   125       0.0       0.0    
   126       0.0       0.0    
   127       0.0       0.0    
   128       0.0       0.0    
   129       0.0       0.0    
   130       0.0       0.0    
   131       0.0       0.0    
   132       0.0       0.0    
   133       0.0       0.0    
   134       0.0       0.0    
   135       0.0       0.0    
   136       0.0       0.0    
   137       0.0       0.0    
   138       0.0       0.0    
   139       0.0       0.0    
   140       0.0       0.0    
   141       0.0       0.0    
   142       0.0       0.0    
   143       0.0       0.0    
   144       0.0       0.0    
   145       0.0       0.0    
   146       0.0       0.0    
   147       0.0       0.0    
   148       0.0       0.0    
   149       0.0       0.0    
   150       0.0       0.0    
   151       0.0       0.0    
   152       0.0       0.0    
   153       0.0       0.0    
   154       0.0       0.0    
   155       0.0       0.0    
   156       0.0       0.0    
   157       0.0       0.0    
   158       0.0       0.0    
   159       0.0       0.0    
   160       0.0       0.0    
   161       0.0       0.0    
   162       0.0       0.0    
   163       0.0       0.0    
   164       0.0       0.0    
   165       0.0       0.0    
   166       0.0       0.0    
   167       0.0       0.0    
   168       0.0       0.0    
   169       0.0       0.0    
   170       0.0       0.0    
   171       0.0       0.0    
   172       0.0       0.0    
   173       0.0       0.0    
   174       0.0       0.0    
   175       0.0       0.0    
   176       0.0       0.0    
   177       0.0       0.0    
   178       0.0       0.0    
   179       0.0       0.0    
   180       0.0       0.0    

Susceptible Vaccinated
   day      area1     area2   
    1      51275.27  10430.96 
    2      52582.28  10867.18 
    3      53889.01  11303.27 
    4      55195.39  11739.19 
    5      56501.38  12174.9  
    6      57806.95  12610.38 
    7      59112.08  13045.6  
    8      60416.76  13480.51 
    9      61720.97  13915.1  
    10     63024.71  14349.32 
    11     64327.98  14783.12 
    12     65630.75  15216.48 
    13     66933.04  15649.32 
    14     68234.85  16081.61 
    15     69536.17  16513.28 
    16     70837.0   16944.26 
    17     72137.36  17374.49 
    18     73437.25  17803.89 
    19     74736.69  18232.38 
    20     76035.68  18659.85 
    21     77334.25  19086.22 
    22     78632.41  19511.37 
    23     79930.18  19935.19 
    24     81227.59  20357.56 
    25     82524.67  20778.33 
    26     83821.43  21197.36 
    27     85117.93  21614.49 
    28     86414.17  22029.55 
    29     87710.21  22442.36 
    30     89006.08  22852.73 
    31     90301.81  23260.45 
    32     91597.44  23665.29 
    33     92893.02  24067.03 
    34     94188.58  24465.41 
    35     95484.16  24860.18 
    36     96779.81  25251.05 
    37     98075.57  25637.73 
    38     99201.67  26019.92 
    39     99185.29  26397.3  
    40     99169.35  26769.55 
    41     99153.87  27136.3  
    42     99138.85  27497.23 
    43     99124.29  27851.95 
    44     99110.17  28199.1  
    45     99096.49  28539.12 
    46     99083.23  28871.5  
    47     99070.39  29195.76 
    48     99057.95  29511.41 
    49     99045.9   29817.97 
    50     99034.23  30114.95 
    51     99022.92  30401.88 
    52     99011.96  30678.25 
    53     99001.35  30943.59 
    54     98991.06  31197.39 
    55     98981.09  31439.19 
    56     98971.43  31668.51 
    57     98962.07  31884.89 
    58     98953.0   32087.89 
    59     98944.2   32277.07 
    60     98935.67  32452.03 
    61     98927.4   32612.39 
    62     98919.39  32757.77 
    63     98911.61  32887.87 
    64     98904.07  33002.36 
    65     98896.75  33100.99 
    66     98889.65  33183.52 
    67     98882.75  33249.76 
    68     98876.06  33299.55 
    69     98869.56  33332.79 
    70     98863.24  33349.42 
    71     98857.1   33349.4  
    72     98851.13  33332.8  
    73     98845.33  33299.7  
    74     98839.68  33250.27 
    75     98834.18  33184.74 
    76     98828.83  33103.42 
    77     98823.61  33006.7  
    78     98818.51  32895.07 
    79     98813.54  32769.11 
    80     98808.69  32629.51 
    81     98803.94  32477.09 
    82     98799.3   32312.78 
    83     98794.75  32137.62 
    84     98790.28  31952.81 
    85     98785.9   31759.67 
    86     98781.6   31559.63 
    87     98777.36  31354.25 
    88     98773.19  31145.19 
    89     98769.07  30934.23 
    90     98764.99  30723.18 
    91     98760.96  30513.93 
    92     98756.96  30308.4  
    93     98752.98  30108.51 
    94     98749.02  29916.15 
    95     98745.07  29733.17 
    96     98741.13  29561.33 
    97     98737.17  29402.31 
    98     98733.2   29257.65 
    99     98729.21  29128.77 
   100     98725.19  29016.91 
   101     98721.13  28923.19 
   102     98717.01  28848.53 
   103     98712.84  28793.68 
   104     98708.59  28759.24 
   105     98704.27  28745.63 
   106     98699.86  28753.11 
   107     98695.34  28781.8  
   108     98690.72  28831.69 
   109     98685.97  28902.62 
   110     98681.09  28994.33 
   111     98676.05  29106.46 
   112     98670.86  29238.56 
   113     98665.5   28976.56 
   114     98659.95  28713.2  
   115     98654.2   28471.41 
   116     98648.23  28249.78 
   117     98642.03  28046.83 
   118     98635.59  27861.13 
   119     98628.88  27691.29 
   120     98621.89  27536.0  
   121     98614.6   27394.07 
   122     98607.0   27264.37 
   123     98599.06  27145.86 
   124     98590.77  27037.59 
   125     98582.09  26938.68 
   126     98573.02  26848.34 
   127     98563.52  26765.83 
   128     98553.57  26690.47 
   129     98543.15  26621.65 
   130     98532.24  26558.8  
   131     98520.79  26501.41 
   132     98508.79  26449.01 
   133     98496.2   26401.16 
   134     98482.99  26357.47 
   135     98469.12  26317.58 
   136     98454.57  26281.16 
   137     98439.3   26247.91 
   138     98423.26  26217.55 
   139     98406.41  26189.83 
   140     98388.72  26164.53 
   141     98370.14  26141.44 
   142     98350.62  26120.35 
   143     98330.12  26101.1  
   144     98308.58  26083.53 
   145     98285.94  26067.49 
   146     98262.16  26052.84 
   147     98237.17  26039.48 
   148     98210.91  26027.28 
   149     98183.32  26016.14 
   150     98154.32  26005.97 
   151     98123.85  25996.69 
   152     98091.84  25988.22 
   153     98058.2   25980.49 
   154     98022.85  25973.43 
   155     97985.71  25966.98 
   156     97946.68  25961.1  
   157     97905.68  25955.73 
   158     97862.6   25950.83 
   159     97817.35  25946.36 
   160     97769.81  25942.28 
   161     97719.87  25938.55 
   162     97667.42  25935.15 
   163     97612.33  25932.05 
   164     97554.47  25929.21 
   165     97493.72  25926.62 
   166     97429.93  25924.26 
   167     97362.96  25922.11 
   168     97292.65  25920.14 
   169     97218.86  25918.35 
   170     97141.4   25916.71 
   171     97060.12  25915.21 
   172     96974.84  25913.85 
   173     96885.37  25912.6  
   174     96791.51  25911.46 
   175     96693.08  25910.42 
   176     96589.86  25909.48 
   177     96481.64  25908.61 
   178     96368.2   25907.82 
   179     96249.31  25907.1  
   180     96124.74  25906.44 

Exposed
   day      area1     area2   
    1       33.92     55.91   
    2       35.81     63.05   
    3        37.3     69.67   
    4       38.54     76.37   
    5       39.62     83.43   
    6       40.55     90.99   
    7       41.37     99.13   
    8       42.07     107.91  
    9       42.66     117.4   
    10      43.13     127.65  
    11      43.48     138.71  
    12       43.7     150.64  
    13       43.8     163.5   
    14      43.77     177.36  
    15       43.6     192.28  
    16      43.31     208.33  
    17      42.87     225.59  
    18       42.3     244.12  
    19       41.6     264.02  
    20      40.76     285.36  
    21       39.8     308.22  
    22       38.7     332.69  
    23      37.48     358.87  
    24      36.14     386.84  
    25      34.69     416.7   
    26      33.13     448.53  
    27      31.47     482.45  
    28      29.73     518.53  
    29       27.9     556.88  
    30      26.01     597.57  
    31      24.05     640.72  
    32      22.05     686.39  
    33      20.02     734.66  
    34      17.96     785.62  
    35      15.89     839.31  
    36      13.82     895.81  
    37      11.76     955.14  
    38       9.73    1017.34  
    39       7.79    1082.41  
    40       6.23    1150.36  
    41       4.98    1221.15  
    42       3.99    1294.73  
    43       3.19    1371.03  
    44       2.55    1453.87  
    45       2.04    1539.02  
    46       1.63    1626.78  
    47       1.31    1717.22  
    48       1.05    1810.26  
    49       0.84    1905.77  
    50       0.67    2003.56  
    51       0.54    2103.38  
    52       0.43    2204.97  
    53       0.34    2308.03  
    54       0.27    2412.21  
    55       0.22    2517.14  
    56       0.18    2622.43  
    57       0.14    2727.63  
    58       0.11     2832.3  
    59       0.09    2935.95  
    60       0.07    3038.08  
    61       0.06    3138.17  
    62       0.05     3235.7  
    63       0.04    3330.12  
    64       0.03    3420.91  
    65       0.02    3507.51  
    66       0.02    3589.41  
    67       0.02    3666.08  
    68       0.01    3737.01  
    69       0.01    3801.72  
    70       0.01    3859.73  
    71       0.01    3910.59  
    72       0.0     3953.88  
    73       0.0     3989.21  
    74       0.0      4016.2  
    75       0.0      4034.5  
    76       0.0     4043.79  
    77       0.0      4043.8  
    78       0.0     4034.26  
    79       0.0     4014.96  
    80       0.0     3985.72  
    81       0.0     3946.41  
    82       0.0     3896.95  
    83       0.0     3837.34  
    84       0.0     3767.62  
    85       0.0     3687.94  
    86       0.0     3598.53  
    87       0.0     3499.71  
    88       0.0     3391.92  
    89       0.0      3275.7  
    90       0.0     3151.69  
    91       0.0     3020.67  
    92       0.0     2883.48  
    93       0.0     2741.07  
    94       0.0     2594.46  
    95       0.0     2444.74  
    96       0.0     2293.01  
    97       0.0     2140.39  
    98       0.0     1988.01  
    99       0.0     1836.96  
   100       0.0     1688.25  
   101       0.0     1542.86  
   102       0.0     1401.67  
   103       0.0     1265.45  
   104       0.0     1134.88  
   105       0.0     1010.51  
   106       0.0      892.8   
   107       0.0      782.08  
   108       0.0      678.58  
   109       0.0      582.43  
   110       0.0      493.66  
   111       0.0      412.23  
   112       0.0      338.0   
   113       0.0      270.8   
   114       0.0      216.64  
   115       0.0      173.31  
   116       0.0      138.65  
   117       0.0      110.92  
   118       0.0      88.74   
   119       0.0      70.99   
   120       0.0      56.79   
   121       0.0      45.43   
   122       0.0      36.35   
   123       0.0      29.08   
   124       0.0      23.26   
   125       0.0      18.61   
   126       0.0      14.89   
   127       0.0      11.91   
   128       0.0       9.53   
   129       0.0       7.62   
   130       0.0       6.1    
   131       0.0       4.88   
   132       0.0       3.9    
   133       0.0       3.12   
   134       0.0       2.5    
   135       0.0       2.0    
   136       0.0       1.6    
   137       0.0       1.28   
   138       0.0       1.02   
   139       0.0       0.82   
   140       0.0       0.65   
   141       0.0       0.52   
   142       0.0       0.42   
   143       0.0       0.34   
   144       0.0       0.27   
   145       0.0       0.21   
   146       0.0       0.17   
   147       0.0       0.14   
   148       0.0       0.11   
   149       0.0       0.09   
   150       0.0       0.07   
   151       0.0       0.06   
   152       0.0       0.04   
   153       0.0       0.04   
   154       0.0       0.03   
   155       0.0       0.02   
   156       0.0       0.02   
   157       0.0       0.01   
   158       0.0       0.01   
   159       0.0       0.01   
   160       0.0       0.01   
   161       0.0       0.01   
   162       0.0       0.0    
   163       0.0       0.0    
   164       0.0       0.0    
   165       0.0       0.0    
   166       0.0       0.0    
   167       0.0       0.0    
   168       0.0       0.0    
   169       0.0       0.0    
   170       0.0       0.0    
   171       0.0       0.0    
   172       0.0       0.0    
   173       0.0       0.0    
   174       0.0       0.0    
   175       0.0       0.0    
   176       0.0       0.0    
   177       0.0       0.0    
   178       0.0       0.0    
   179       0.0       0.0    
   180       0.0       0.0    

Exposed Vaccinated
   day      area1     area2   
    1       20.35      3.73   
    2       21.77      4.26   
    3       23.19      4.82   
    4       24.67      5.44   
    5       26.25      6.13   
    6       27.93      6.93   
    7       29.71      7.83   
    8       31.59      8.85   
    9       33.56      9.99   
    10      35.61     11.28   
    11      37.72     12.71   
    12       39.9     14.32   
    13      42.13     16.11   
    14       44.4      18.1   
    15       46.7     20.31   
    16      49.03     22.76   
    17      51.36     25.48   
    18       53.7     28.48   
    19      56.02     31.81   
    20      58.33     35.47   
    21      60.59     39.51   
    22      62.82     43.95   
    23      64.98     48.84   
    24      67.07     54.21   
    25      69.08      60.1   
    26       71.0     66.55   
    27      72.81     73.61   
    28       74.5     81.33   
    29      76.06     89.75   
    30      77.48     98.93   
    31      78.76     108.93  
    32      79.87     119.8   
    33      80.82     131.6   
    34       81.6     144.4   
    35      82.19     158.25  
    36       82.6     173.23  
    37      82.82     189.4   
    38      82.85     206.83  
    39      82.66     225.58  
    40      82.07     245.72  
    41      81.14     267.32  
    42      79.93     290.43  
    43       78.5     315.13  
    44      76.92     342.45  
    45      75.22     371.43  
    46      73.43     402.27  
    47      71.58     435.06  
    48      69.71     469.9   
    49      67.82     506.86  
    50      65.93     546.0   
    51      64.05     587.38  
    52       62.2     631.03  
    53      60.37     676.99  
    54      58.59     725.29  
    55      56.84     775.93  
    56      55.13     828.92  
    57      53.47     884.26  
    58      51.85     941.91  
    59      50.27    1001.85  
    60      48.75    1064.01  
    61      47.27    1128.36  
    62      45.83     1194.8  
    63      44.44    1263.25  
    64       43.1     1333.6  
    65       41.8    1405.75  
    66      40.54    1479.57  
    67      39.33    1554.92  
    68      38.15    1631.64  
    69      37.02    1709.57  
    70      35.94    1788.54  
    71      34.89    1868.34  
    72      33.88    1948.77  
    73      32.91    2029.62  
    74      31.97    2110.62  
    75      31.08    2191.53  
    76      30.22    2272.04  
    77       29.4    2351.86  
    78      28.61    2430.62  
    79      27.86    2507.95  
    80      27.14    2583.46  
    81      26.46    2656.69  
    82      25.81    2727.17  
    83       25.2    2794.39  
    84      24.62    2857.82  
    85      24.08     2916.9  
    86      23.57    2971.06  
    87      23.09    3019.73  
    88      22.65    3062.34  
    89      22.24    3098.34  
    90      21.86    3127.22  
    91      21.53    3148.52  
    92      21.22    3161.85  
    93      20.95    3166.87  
    94      20.72    3163.35  
    95      20.53    3151.17  
    96      20.37    3130.27  
    97      20.25    3100.74  
    98      20.17    3062.75  
    99      20.13    3016.58  
   100      20.12    2962.62  
   101      20.16    2901.32  
   102      20.24    2833.22  
   103      20.37    2758.92  
   104      20.54    2679.08  
   105      20.75    2594.38  
   106      21.02    2505.52  
   107      21.33    2413.22  
   108      21.69    2318.19  
   109       22.1    2221.12  
   110      22.56    2122.69  
   111      23.08    2023.52  
   112      23.66    1924.22  
   113      24.29    1825.34  
   114      24.98    1723.63  
   115      25.74    1620.69  
   116      26.56    1518.19  
   117      27.44     1417.5  
   118       28.4     1319.7  
   119      29.43    1225.61  
   120      30.53    1135.77  
   121      31.71    1050.54  
   122      32.97     970.14  
   123      34.32     894.62  
   124      35.75     823.97  
   125      37.27     758.08  
   126      38.89     696.8   
   127      40.61     639.96  
   128      42.44     587.32  
   129      44.37     538.68  
   130      46.41     493.79  
   131      48.58     452.42  
   132      50.86     414.34  
   133      53.28     379.32  
   134      55.84     347.15  
   135      58.53     317.61  
   136      61.38     290.51  
   137      64.38     265.66  
   138      67.54     242.88  
   139      70.88     222.02  
   140      74.39     202.92  
   141      78.09     185.43  
   142      81.99     169.43  
   143       86.1     154.79  
   144      90.42     141.41  
   145      94.97     129.17  
   146      99.76     117.98  
   147      104.8     107.75  
   148      110.1      98.4   
   149      115.67    89.86   
   150      121.53    82.05   
   151      127.69    74.92   
   152      134.17    68.41   
   153      140.98    62.46   
   154      148.13    57.03   
   155      155.65    52.07   
   156      163.54    47.53   
   157      171.84     43.4   
   158      180.55    39.62   
   159      189.69    36.17   
   160      199.29    33.02   
   161      209.37    30.14   
   162      219.95    27.51   
   163      231.05    25.11   
   164      242.69    22.93   
   165      254.91    20.93   
   166      267.71     19.1   
   167      281.14    17.44   
   168      295.22    15.92   
   169      309.97    14.53   
   170      325.43    13.26   
   171      341.63    12.11   
   172      358.59    11.05   
   173      376.34    10.09   
   174      394.93     9.21   
   175      414.37     8.4    
   176      434.72     7.67   
   177      455.99     7.0    
   178      478.23     6.39   
   179      501.48     5.83   
   180      525.76     5.32   

Infected
   day      area1     area2   
    1       21.88     32.81   
    2       22.41     34.62   
    3       23.17     37.34   
    4       24.01      40.6   
    5       24.86     44.28   
    6       25.68     48.31   
    7       26.45      52.7   
    8       27.17     57.47   
    9       27.82     62.63   
    10       28.4     68.22   
    11      28.91     74.26   
    12      29.35     80.78   
    13       29.7     87.83   
    14      29.98     95.44   
    15      30.16     103.64  
    16      30.27     112.49  
    17      30.28     122.01  
    18       30.2     132.27  
    19      30.03     143.3   
    20      29.77     155.16  
    21      29.42     167.9   
    22      28.97     181.57  
    23      28.44     196.23  
    24      27.81     211.94  
    25      27.09     228.75  
    26      26.29     246.74  
    27       25.4     265.95  
    28      24.44     286.45  
    29       23.4     308.31  
    30       22.3     331.6   
    31      21.13     356.37  
    32       19.9     382.69  
    33      18.63     410.63  
    34      17.31     440.24  
    35      15.95     471.58  
    36      14.57     504.71  
    37      13.17     539.66  
    38      11.76     576.5   
    39      10.35     615.25  
    40       8.95     655.95  
    41       7.64     698.61  
    42       6.45     743.24  
    43       5.41     789.83  
    44       4.5      838.37  
    45       3.72     889.61  
    46       3.07     943.24  
    47       2.52     999.1   
    48       2.06    1057.09  
    49       1.68    1117.11  
    50       1.37    1179.09  
    51       1.11    1242.92  
    52       0.9     1308.48  
    53       0.73    1375.62  
    54       0.59    1444.19  
    55       0.48    1514.01  
    56       0.38    1584.86  
    57       0.31    1656.53  
    58       0.25    1728.76  
    59       0.2     1801.29  
    60       0.16    1873.83  
    61       0.13    1946.06  
    62       0.1     2017.68  
    63       0.08    2088.34  
    64       0.07    2157.69  
    65       0.05    2225.39  
    66       0.04    2291.07  
    67       0.03    2354.36  
    68       0.03     2414.9  
    69       0.02    2472.33  
    70       0.02    2526.29  
    71       0.01    2576.44  
    72       0.01    2622.43  
    73       0.01    2663.94  
    74       0.01    2700.66  
    75       0.01    2732.28  
    76       0.0     2758.53  
    77       0.0     2779.14  
    78       0.0     2793.86  
    79       0.0     2802.46  
    80       0.0     2804.75  
    81       0.0     2800.54  
    82       0.0     2789.67  
    83       0.0     2772.01  
    84       0.0     2747.47  
    85       0.0     2716.01  
    86       0.0     2677.59  
    87       0.0     2632.27  
    88       0.0     2580.14  
    89       0.0     2521.34  
    90       0.0      2456.1  
    91       0.0     2384.69  
    92       0.0     2307.49  
    93       0.0      2224.9  
    94       0.0     2137.43  
    95       0.0     2045.63  
    96       0.0     1950.11  
    97       0.0     1851.54  
    98       0.0      1750.6  
    99       0.0     1648.03  
   100       0.0     1544.56  
   101       0.0     1440.91  
   102       0.0     1337.79  
   103       0.0      1235.9  
   104       0.0     1135.88  
   105       0.0     1038.32  
   106       0.0      943.76  
   107       0.0      852.67  
   108       0.0      765.47  
   109       0.0      682.48  
   110       0.0      603.97  
   111       0.0      530.14  
   112       0.0      461.12  
   113       0.0      396.97  
   114       0.0      337.71  
   115       0.0      284.55  
   116       0.0      237.91  
   117       0.0      197.67  
   118       0.0      163.38  
   119       0.0      134.44  
   120       0.0      110.23  
   121       0.0      90.09   
   122       0.0      73.44   
   123       0.0      59.73   
   124       0.0      48.48   
   125       0.0      39.28   
   126       0.0      31.78   
   127       0.0      25.68   
   128       0.0      20.72   
   129       0.0      16.71   
   130       0.0      13.46   
   131       0.0      10.83   
   132       0.0       8.71   
   133       0.0       7.0    
   134       0.0       5.63   
   135       0.0       4.52   
   136       0.0       3.63   
   137       0.0       2.91   
   138       0.0       2.33   
   139       0.0       1.87   
   140       0.0       1.5    
   141       0.0       1.2    
   142       0.0       0.96   
   143       0.0       0.77   
   144       0.0       0.62   
   145       0.0       0.5    
   146       0.0       0.4    
   147       0.0       0.32   
   148       0.0       0.25   
   149       0.0       0.2    
   150       0.0       0.16   
   151       0.0       0.13   
   152       0.0       0.1    
   153       0.0       0.08   
   154       0.0       0.07   
   155       0.0       0.05   
   156       0.0       0.04   
   157       0.0       0.03   
   158       0.0       0.03   
   159       0.0       0.02   
   160       0.0       0.02   
   161       0.0       0.01   
   162       0.0       0.01   
   163       0.0       0.01   
   164       0.0       0.01   
   165       0.0       0.01   
   166       0.0       0.0    
   167       0.0       0.0    
   168       0.0       0.0    
   169       0.0       0.0    
   170       0.0       0.0    
   171       0.0       0.0    
   172       0.0       0.0    
   173       0.0       0.0    
   174       0.0       0.0    
   175       0.0       0.0    
   176       0.0       0.0    
   177       0.0       0.0    
   178       0.0       0.0    
   179       0.0       0.0    
   180       0.0       0.0    

Infected Vaccinated
   day      area1     area2   
    1       13.12      2.19   
    2       13.45      2.31   
    3       13.96      2.5    
    4       14.61      2.75   
    5       15.37      3.05   
    6       16.23      3.41   
    7       17.18      3.82   
    8       18.21      4.29   
    9       19.33      4.84   
    10      20.52      5.45   
    11      21.78      6.15   
    12       23.1      6.94   
    13      24.48      7.82   
    14      25.91      8.81   
    15      27.39      9.91   
    16       28.9     11.14   
    17      30.45     12.51   
    18      32.02     14.03   
    19      33.61     15.72   
    20      35.21     17.59   
    21      36.82     19.66   
    22      38.42     21.94   
    23       40.0     24.46   
    24      41.57     27.24   
    25      43.11      30.3   
    26      44.61     33.66   
    27      46.06     37.35   
    28      47.46      41.4   
    29       48.8     45.84   
    30      50.07     50.69   
    31      51.26     55.99   
    32      52.37     61.78   
    33      53.38     68.09   
    34      54.29     74.95   
    35       55.1     82.42   
    36      55.79     90.52   
    37      56.37      99.3   
    38      56.83     108.81  
    39      57.16     119.09  
    40      57.36     130.18  
    41      57.39     142.13  
    42      57.22     154.99  
    43      56.86     168.79  
    44      56.31     183.59  
    45      55.61     199.62  
    46      54.76     216.88  
    47       53.8     235.37  
    48      52.75     255.13  
    49      51.62     276.22  
    50      50.43     298.67  
    51      49.21     322.54  
    52      47.96     347.86  
    53       46.7     374.68  
    54      45.43     403.02  
    55      44.17     432.93  
    56      42.92     464.42  
    57      41.68     497.51  
    58      40.46     532.22  
    59      39.27     568.54  
    60      38.11     606.47  
    61      36.97     645.99  
    62      35.86     687.1   
    63      34.78     729.74  
    64      33.73     773.89  
    65      32.71     819.5   
    66      31.73     866.51  
    67      30.77     914.85  
    68      29.84     964.45  
    69      28.95    1015.22  
    70      28.08    1067.07  
    71      27.25     1119.9  
    72      26.44     1173.6  
    73      25.66    1228.04  
    74      24.91    1283.09  
    75      24.19    1338.62  
    76      23.49    1394.46  
    77      22.82    1450.45  
    78      22.18    1506.41  
    79      21.57    1562.13  
    80      20.98     1617.4  
    81      20.41    1671.98  
    82      19.87    1725.61  
    83      19.36    1778.01  
    84      18.87    1828.88  
    85       18.4    1877.91  
    86      17.96    1924.74  
    87      17.54    1969.03  
    88      17.15    2010.39  
    89      16.78    2048.46  
    90      16.43    2082.86  
    91      16.11     2113.2  
    92      15.81    2139.13  
    93      15.54    2160.32  
    94      15.29    2176.46  
    95      15.07    2187.29  
    96      14.87    2192.58  
    97      14.69    2192.18  
    98      14.54    2185.99  
    99      14.42    2173.97  
   100      14.33    2156.15  
   101      14.26    2132.63  
   102      14.22    2103.57  
   103       14.2     2069.2  
   104      14.22    2029.78  
   105      14.26    1985.66  
   106      14.34     1937.2  
   107      14.45    1884.82  
   108      14.58    1828.94  
   109      14.75    1770.03  
   110      14.96    1708.53  
   111       15.2    1644.92  
   112      15.47    1579.64  
   113      15.78    1513.16  
   114      16.13     1445.9  
   115      16.52    1377.51  
   116      16.95    1308.07  
   117      17.42    1237.98  
   118      17.93    1167.77  
   119      18.49    1098.06  
   120      19.09    1029.45  
   121      19.74     962.47  
   122      20.44     897.59  
   123       21.2     835.16  
   124       22.0     775.47  
   125      22.87     718.7   
   126      23.79     664.97  
   127      24.77     614.34  
   128      25.82     566.81  
   129      26.93     522.33  
   130      28.11     480.83  
   131      29.36     442.21  
   132      30.69     406.35  
   133      32.09     373.12  
   134      33.58     342.38  
   135      35.15     313.98  
   136      36.81     287.8   
   137      38.57     263.67  
   138      40.43     241.47  
   139      42.38     221.05  
   140      44.45     202.3   
   141      46.63     185.08  
   142      48.92     169.29  
   143      51.34     154.81  
   144      53.89     141.54  
   145      56.58     129.38  
   146      59.41     118.25  
   147      62.39     108.06  
   148      65.52     98.73   
   149      68.82      90.2   
   150      72.29      82.4   
   151      75.94     75.27   
   152      79.78     68.75   
   153      83.82     62.79   
   154      88.07     57.34   
   155      92.53     52.36   
   156      97.22     47.82   
   157      102.15    43.66   
   158      107.33    39.87   
   159      112.78     36.4   
   160      118.49    33.23   
   161      124.5     30.34   
   162      130.8      27.7   
   163      137.42    25.29   
   164      144.37    23.09   
   165      151.66    21.07   
   166      159.31    19.24   
   167      167.33    17.56   
   168      175.75    16.03   
   169      184.58    14.64   
   170      193.84    13.36   
   171      203.54    12.19   
   172      213.71    11.13   
   173      224.37    10.16   
   174      235.53     9.28   
   175      247.22     8.47   
   176      259.46     7.73   
   177      272.27     7.05   
   178      285.68     6.44   
   179      299.7      5.88   
   180      314.37     5.36   

Recovered
   day      area1     area2   
    1        8.67      8.11   
    2       17.43     16.34   
    3       26.47     25.12   
    4        35.9     34.68   
    5       45.77     45.16   
    6       56.12     56.67   
    7       66.96     69.33   
    8       78.31     83.23   
    9       90.17     98.48   
    10      102.56    115.2   
    11      115.48    133.51  
    12      128.93    153.56  
    13      142.9     175.49  
    14      157.39    199.45  
    15      172.41    225.62  
    16      187.93    254.17  
    17      203.94    285.31  
    18      220.44    319.25  
    19      237.41    356.21  
    20      254.82    396.44  
    21      272.66    440.19  
    22      290.91    487.75  
    23      309.53    539.41  
    24      328.51    595.49  
    25      347.8     656.33  
    26      367.39    722.28  
    27      387.23    793.74  
    28      407.29    871.1   
    29      427.54    954.8   
    30      447.93    1045.3  
    31      468.43   1143.06  
    32      489.0    1248.61  
    33      509.6    1362.48  
    34      530.18   1485.23  
    35      550.71   1617.44  
    36      571.13   1759.73  
    37      591.43   1912.75  
    38      611.54   2077.16  
    39      631.44   2253.65  
    40      651.07   2442.94  
    41      670.42   2645.77  
    42      689.44   2862.89  
    43      708.11   3095.08  
    44      726.4    3343.13  
    45      744.29   3607.82  
    46      761.77   3890.22  
    47      778.83   4191.28  
    48      795.45   4511.94  
    49      811.64   4853.13  
    50      827.38   5215.79  
    51      842.68   5600.83  
    52      857.55   6009.15  
    53      871.98   6441.67  
    54      885.98   6899.24  
    55      899.57   7382.71  
    56      912.75   7892.91  
    57      925.52    8430.6  
    58      937.9     8996.5  
    59      949.91   9591.28  
    60      961.54   10215.55 
    61      972.81   10869.83 
    62      983.73   11554.57 
    63      994.31   12270.15 
    64     1004.56   13016.85 
    65     1014.49   13794.83 
    66     1024.12   14604.18 
    67     1033.45   15444.86 
    68     1042.49   16316.74 
    69     1051.25   17219.56 
    70     1059.74   18152.94 
    71     1067.98   19116.41 
    72     1075.96   20109.33 
    73     1083.71   21131.0  
    74     1091.22   22180.54 
    75     1098.51   23256.99 
    76     1105.58   24359.26 
    77     1112.45   25486.13 
    78     1119.12   26636.26 
    79      1125.6   27808.2  
    80     1131.89   29000.37 
    81     1138.02   30211.07 
    82     1143.97   31438.47 
    83     1149.76   32680.63 
    84      1155.4   33935.5  
    85      1160.9   35200.9  
    86     1166.25   36474.51 
    87     1171.48   37753.96 
    88     1176.58   39036.71 
    89     1181.57   40320.18 
    90     1186.44   41601.69 
    91     1191.21   42878.48 
    92     1195.89   44147.77 
    93     1200.48   45406.74 
    94     1204.98   46652.58 
    95     1209.41   47882.48 
    96     1213.78   49093.7  
    97     1218.08   50283.6  
    98     1222.33   51449.6  
    99     1226.54   52589.31 
   100      1230.7   53700.45 
   101     1234.84   54780.97 
   102     1238.95   55829.0  
   103     1243.05   56842.89 
   104     1247.14   57821.23 
   105     1251.24   58762.85 
   106     1255.34   59666.83 
   107     1259.46   60532.5  
   108     1263.61   61359.41 
   109      1267.8   62147.36 
   110     1272.03   62896.37 
   111     1276.32   63606.67 
   112     1280.67   64278.68 
   113      1285.1   64913.0  
   114     1289.62   65510.4  
   115     1294.23   66071.76 
   116     1298.95   66598.19 
   117     1303.78   67090.92 
   118     1308.75   67551.28 
   119     1313.87   67980.67 
   120     1319.14   68380.56 
   121     1324.57   68752.43 
   122     1330.19   69097.77 
   123     1336.01   69418.1  
   124     1342.04   69714.89 
   125      1348.3   69989.6  
   126      1354.8   70243.65 
   127     1361.56   70478.39 
   128     1368.59   70695.15 
   129     1375.92   70895.18 
   130     1383.56   71079.66 
   131     1391.54   71249.71 
   132     1399.87   71406.41 
   133     1408.57   71550.75 
   134     1417.67   71683.65 
   135     1427.19   71806.0  
   136     1437.16   71918.6  
   137     1447.59   72022.21 
   138     1458.52   72117.53 
   139     1469.97   72205.22 
   140     1481.98   72285.87 
   141     1494.57   72360.04 
   142     1507.77   72428.26 
   143     1521.63   72490.99 
   144     1536.17   72548.68 
   145     1551.43   72601.73 
   146     1567.45   72650.51 
   147     1584.27   72695.37 
   148     1601.93   72736.62 
   149     1620.47   72774.56 
   150     1639.95   72809.44 
   151     1660.41   72841.53 
   152     1681.91   72871.05 
   153     1704.49   72898.19 
   154     1728.21   72923.17 
   155     1753.13   72946.14 
   156     1779.32   72967.28 
   157     1806.83   72986.73 
   158     1835.74   73004.62 
   159     1866.11   73021.09 
   160     1898.02   73036.25 
   161     1931.55   73050.2  
   162     1966.78   73063.05 
   163     2003.79   73074.87 
   164     2042.67   73085.76 
   165     2083.52   73095.78 
   166     2126.43   73105.02 
   167      2171.5   73113.52 
   168     2218.85   73121.35 
   169     2268.57   73128.57 
   170      2320.8   73135.21 
   171     2375.64   73141.34 
   172     2433.23   73146.99 
   173      2493.7   73152.19 
   174     2557.18   73156.99 
   175     2623.82   73161.41 
   176     2693.77   73165.48 
   177     2767.19   73169.24 
   178     2844.22   73172.71 
   179     2925.06   73175.91 
   180     3009.86   73178.85 

Hospitalized
   day      area1     area2   
    1        1.32      1.89   
    2        2.56      3.65   
    3        3.75      5.4    
    4        4.9       7.19   
    5        6.03      9.04   
    6        7.14     10.99   
    7        8.22     13.03   
    8        9.28      15.2   
    9       10.32     17.49   
    10      11.33     19.93   
    11      12.32     22.54   
    12      13.27     25.31   
    13       14.2     28.28   
    14      15.09     31.46   
    15      15.94     34.86   
    16      16.76     38.52   
    17      17.54     42.44   
    18      18.27     46.66   
    19      18.96     51.18   
    20      19.61     56.05   
    21       20.2     61.28   
    22      20.75      66.9   
    23      21.24     72.94   
    24      21.68     79.43   
    25      22.06      86.4   
    26      22.38     93.89   
    27      22.65     101.92  
    28      22.85     110.54  
    29       23.0     119.77  
    30      23.08     129.67  
    31       23.1     140.26  
    32      23.06     151.6   
    33      22.96     163.71  
    34       22.8     176.65  
    35      22.58     190.46  
    36       22.3     205.18  
    37      21.96     220.86  
    38      21.58     237.54  
    39      21.13     255.27  
    40      20.64     274.09  
    41      20.11     294.04  
    42      19.53     315.17  
    43      18.92     337.52  
    44       18.3     361.11  
    45      17.65     386.0   
    46      17.01     412.24  
    47      16.36     439.89  
    48      15.72     469.0   
    49      15.09     499.6   
    50      14.48     531.71  
    51      13.88     565.34  
    52       13.3     600.52  
    53      12.74     637.24  
    54       12.2     675.51  
    55      11.68     715.3   
    56      11.18     756.6   
    57       10.7     799.38  
    58      10.24     843.59  
    59       9.81     889.18  
    60       9.39     936.08  
    61       8.99     984.22  
    62       8.61     1033.5  
    63       8.25    1083.82  
    64       7.9     1135.07  
    65       7.57    1187.12  
    66       7.25    1239.82  
    67       6.95    1293.04  
    68       6.67     1346.6  
    69       6.4     1400.33  
    70       6.14    1454.05  
    71       5.89    1507.57  
    72       5.65    1560.69  
    73       5.43    1613.21  
    74       5.21     1664.9  
    75       5.01    1715.56  
    76       4.81    1764.97  
    77       4.63    1812.91  
    78       4.45    1859.14  
    79       4.28    1903.46  
    80       4.12    1945.63  
    81       3.96    1985.43  
    82       3.82    2022.65  
    83       3.67    2057.08  
    84       3.54     2088.5  
    85       3.41    2116.72  
    86       3.29    2141.53  
    87       3.17    2162.77  
    88       3.06    2180.25  
    89       2.96    2193.83  
    90       2.85    2203.35  
    91       2.76    2208.71  
    92       2.67    2209.81  
    93       2.58    2206.57  
    94       2.5     2198.95  
    95       2.42    2186.93  
    96       2.34    2170.52  
    97       2.27    2149.78  
    98       2.2     2124.79  
    99       2.14    2095.67  
   100       2.08    2062.55  
   101       2.02    2025.63  
   102       1.97    1985.11  
   103       1.92    1941.24  
   104       1.87    1894.27  
   105       1.83    1844.49  
   106       1.79     1792.2  
   107       1.75    1737.72  
   108       1.72    1681.37  
   109       1.69    1623.47  
   110       1.66    1564.35  
   111       1.63    1504.34  
   112       1.61    1443.74  
   113       1.59    1382.87  
   114       1.58    1322.01  
   115       1.56    1261.43  
   116       1.55    1201.47  
   117       1.55    1142.44  
   118       1.54    1084.65  
   119       1.54    1028.35  
   120       1.55     973.75  
   121       1.55     921.01  
   122       1.56     870.26  
   123       1.57     821.57  
   124       1.59     774.98  
   125       1.61     730.52  
   126       1.63     688.17  
   127       1.66     647.91  
   128       1.69     609.69  
   129       1.73     573.47  
   130       1.76     539.17  
   131       1.81     506.75  
   132       1.85     476.11  
   133       1.91     447.19  
   134       1.96     419.91  
   135       2.02     394.19  
   136       2.09     369.97  
   137       2.16     347.15  
   138       2.24     325.68  
   139       2.32     305.48  
   140       2.41     286.49  
   141       2.5      268.63  
   142       2.6      251.85  
   143       2.71     236.08  
   144       2.82     221.27  
   145       2.94     207.36  
   146       3.07     194.31  
   147       3.2      182.05  
   148       3.34     170.55  
   149       3.5      159.76  
   150       3.66     149.64  
   151       3.83     140.14  
   152       4.0      131.24  
   153       4.19     122.88  
   154       4.39     115.06  
   155       4.6      107.72  
   156       4.83     100.84  
   157       5.06     94.39   
   158       5.31     88.35   
   159       5.57     82.69   
   160       5.84     77.39   
   161       6.13     72.42   
   162       6.43     67.76   
   163       6.75     63.41   
   164       7.08     59.32   
   165       7.44      55.5   
   166       7.81     51.92   
   167       8.2      48.57   
   168       8.61     45.43   
   169       9.04      42.5   
   170       9.49     39.75   
   171       9.96     37.17   
   172      10.46     34.76   
   173      10.99     32.51   
   174      11.54      30.4   
   175      12.11     28.43   
   176      12.72     26.58   
   177      13.35     24.85   
   178      14.02     23.24   
   179      14.72     21.72   
   180      15.45     20.31   

Dead
   day      area1     area2   
    1        0.0       0.0    
    2        0.01      0.01   
    3        0.03      0.04   
    4        0.05      0.07   
    5        0.08      0.12   
    6        0.12      0.18   
    7        0.17      0.25   
    8        0.23      0.34   
    9        0.29      0.44   
    10       0.36      0.56   
    11       0.43      0.69   
    12       0.51      0.84   
    13       0.6       1.01   
    14       0.7       1.2    
    15       0.8       1.41   
    16       0.9       1.64   
    17       1.02      1.9    
    18       1.13      2.18   
    19       1.26      2.49   
    20       1.38      2.83   
    21       1.51      3.21   
    22       1.65      3.62   
    23       1.79      4.06   
    24       1.93      4.55   
    25       2.07      5.08   
    26       2.22      5.65   
    27       2.37      6.28   
    28       2.52      6.96   
    29       2.67      7.7    
    30       2.82      8.49   
    31       2.98      9.36   
    32       3.13     10.29   
    33       3.29      11.3   
    34       3.44      12.4   
    35       3.59     13.57   
    36       3.74     14.84   
    37       3.89     16.21   
    38       4.04     17.68   
    39       4.18     19.27   
    40       4.32     20.97   
    41       4.46      22.8   
    42       4.59     24.76   
    43       4.72     26.86   
    44       4.85     29.11   
    45       4.97     31.52   
    46       5.09     34.09   
    47       5.2      36.84   
    48       5.31     39.77   
    49       5.42      42.9   
    50       5.52     46.23   
    51       5.61     49.77   
    52       5.71     53.54   
    53       5.79     57.54   
    54       5.88     61.79   
    55       5.96      66.3   
    56       6.04     71.06   
    57       6.11     76.11   
    58       6.18     81.44   
    59       6.25     87.06   
    60       6.32     92.99   
    61       6.38     99.23   
    62       6.44     105.79  
    63       6.5      112.68  
    64       6.55     119.91  
    65       6.61     127.47  
    66       6.66     135.39  
    67       6.7      143.65  
    68       6.75     152.27  
    69       6.8      161.25  
    70       6.84     170.59  
    71       6.88     180.28  
    72       6.92     190.33  
    73       6.96     200.74  
    74       6.99     211.49  
    75       7.03     222.59  
    76       7.06     234.03  
    77       7.09     245.79  
    78       7.12     257.88  
    79       7.15     270.27  
    80       7.18     282.96  
    81       7.21     295.93  
    82       7.24     309.17  
    83       7.26     322.65  
    84       7.28     336.37  
    85       7.31     350.29  
    86       7.33     364.4   
    87       7.35     378.68  
    88       7.37     393.1   
    89       7.39     407.63  
    90       7.41     422.26  
    91       7.43     436.95  
    92       7.45     451.67  
    93       7.47     466.41  
    94       7.49     481.12  
    95       7.5      495.78  
    96       7.52     510.35  
    97       7.54     524.82  
    98       7.55     539.16  
    99       7.57     553.32  
   100       7.58     567.29  
   101       7.59     581.04  
   102       7.61     594.55  
   103       7.62     607.78  
   104       7.63     620.72  
   105       7.65     633.35  
   106       7.66     645.65  
   107       7.67     657.6   
   108       7.68     669.18  
   109       7.69     680.39  
   110       7.7      691.21  
   111       7.71     701.64  
   112       7.73     711.67  
   113       7.74     721.3   
   114       7.75     730.52  
   115       7.76     739.33  
   116       7.77     747.74  
   117       7.78     755.75  
   118       7.79     763.36  
   119       7.8      770.6   
   120       7.81     777.45  
   121       7.82     783.94  
   122       7.83     790.08  
   123       7.84     795.88  
   124       7.85     801.36  
   125       7.86     806.53  
   126       7.87     811.4   
   127       7.88     815.99  
   128       7.89     820.31  
   129       7.91     824.37  
   130       7.92     828.19  
   131       7.93     831.79  
   132       7.94     835.17  
   133       7.95     838.34  
   134       7.97     841.32  
   135       7.98     844.12  
   136       7.99     846.75  
   137       8.01     849.22  
   138       8.02     851.53  
   139       8.04     853.7   
   140       8.05     855.74  
   141       8.07     857.65  
   142       8.08     859.44  
   143       8.1      861.12  
   144       8.12     862.69  
   145       8.14     864.17  
   146       8.16     865.55  
   147       8.18     866.84  
   148       8.2      868.06  
   149       8.22     869.19  
   150       8.24     870.26  
   151       8.27     871.26  
   152       8.29     872.19  
   153       8.32     873.07  
   154       8.35     873.89  
   155       8.38     874.65  
   156       8.41     875.37  
   157       8.44     876.04  
   158       8.48     876.67  
   159       8.51     877.26  
   160       8.55     877.81  
   161       8.59     878.33  
   162       8.63     878.81  
   163       8.67     879.26  
   164       8.72     879.69  
   165       8.76     880.08  
   166       8.81     880.45  
   167       8.86     880.8   
   168       8.92     881.12  
   169       8.98     881.42  
   170       9.04     881.71  
   171       9.1      881.97  
   172       9.17     882.22  
   173       9.24     882.45  
   174       9.31     882.67  
   175       9.39     882.87  
   176       9.47     883.06  
   177       9.55     883.24  
   178       9.64     883.4   
   179       9.73     883.56  
   180       9.83     883.7   

