Optimization input_C\C2.3.xml

Time Horizon: 180  nu: 0
Donor in t_n: no
Improving search: False
Initial policy priority to 1  t_switch: 180
variant emergence n: 45000  L: 15  T_D: 25
Mortality p_D: 0.014  p_V_D: 0.0079  Vacc effectiveness p_e: 0.8  p_r: 0.8
Rates r_I: 0.2  r_0: 0.25641  a_0: 0.6  delta_a: 0.6
Behavior dynamics with  v_u: 0.03
gamma by area: 1  1  
Lambda Converg. lambda: 0.001  phi: 4  dT: 4  delta: 0.1  iter_search: 1
LP Converg. epsilon: 1000  delta_I: 0.001  beta: 0.8  iter: 1

Convergence: Min/Max change in V_cal, (sim - LP)

i  j     lambda    zNLP    deaths tot_deaths t_n    conv of V_cal     vacc by area
first simulation
0  0       0        0      620.69  1339.27   42.44                    68185  58327 
optimal (best deaths found)
0  -1    0.0000            620.69  1339.27   42.44 (    0.0,   0.0)  68185  58327 
minimum (best zNLP for last lambda) w/ convergence for last LP
0  1     0.0010   673.90   620.69  1339.27   42.44 (   -0.0,   0.0)  68185  58327 

Outer Loop over lambda. j_min = iter of inner loop that achieves best zNLP
iter   lambda j_min wtd deaths subopt
0      0.0010  1    620.69      0.00 

Inner Loop at last lambda
iter   zNLP     subopt   deaths donor_deaths tot_deaths t_n   vacc by area
0        0.00   -673.90   620.69    620.69   1339.27   42.44  68185  58327 
1      673.90      0.00   620.69    620.69   1339.27   42.44  68185  58327 

Vaccinations: sim of best LP (best j), last lambda (V_min) 
  day    V_opt by area 
   0     1500.0    0.0  
   1     1500.0    0.0  
   2     1500.0    0.0  
   3     1500.0    0.0  
   4     1500.0    0.0  
   5     1500.0    0.0  
   6     1500.0    0.0  
   7     1500.0    0.0  
   8     1500.0    0.0  
   9     1500.0    0.0  
  10     1500.0    0.0  
  11     1500.0    0.0  
  12     1500.0    0.0  
  13     1500.0    0.0  
  14     1500.0    0.0  
  15     1500.0    0.0  
  16     1500.0    0.0  
  17     1500.0    0.0  
  18     1500.0    0.0  
  19     1500.0    0.0  
  20     1500.0    0.0  
  21     1500.0    0.0  
  22     1500.0    0.0  
  23     1500.0    0.0  
  24     1500.0    0.0  
  25     1500.0    0.0  
  26     1500.0    0.0  
  27     1500.0    0.0  
  28     1500.0    0.0  
  29     1500.0    0.0  
  30     1500.0    0.0  
  31     1500.0    0.0  
  32     1500.0    0.0  
  33     1500.0    0.0  
  34     1500.0    0.0  
  35     1500.0    0.0  
  36     1500.0    0.0  
  37     1500.0    0.0  
  38     1500.0    0.0  
  39     1500.0    0.0  
  40     1500.0    0.0  
  41     1500.0    0.0  
  42     1500.0    0.0  
  43     1500.0    0.0  
  44     1500.0    0.0  
  45     684.9989676730745    815.0010323269255  
  46     0.0    1500.0  
  47     0.0    1500.0  
  48     0.0    1500.0  
  49     0.0    1500.0  
  50     0.0    1500.0  
  51     0.0    1500.0  
  52     0.0    1500.0  
  53     0.0    1500.0  
  54     0.0    1500.0  
  55     0.0    1500.0  
  56     0.0    1500.0  
  57     0.0    1500.0  
  58     0.0    1500.0  
  59     0.0    1500.0  
  60     0.0    1500.0  
  61     0.0    1500.0  
  62     0.0    1500.0  
  63     0.0    1500.0  
  64     0.0    1500.0  
  65     0.0    1500.0  
  66     0.0    1500.0  
  67     0.0    1500.0  
  68     0.0    1500.0  
  69     0.0    1500.0  
  70     0.0    1500.0  
  71     0.0    1500.0  
  72     0.0    1500.0  
  73     0.0    1500.0  
  74     0.0    1500.0  
  75     0.0    1500.0  
  76     0.0    1500.0  
  77     0.0    1500.0  
  78     0.0    1500.0  
  79     0.0    1500.0  
  80     0.0    1500.0  
  81     0.0    1500.0  
  82     0.0    1500.0  
  83     0.0    1500.0  
  84     0.0    512.2146610237606  
  85     0.0    0.0  
  86     0.0    0.0  
  87     0.0    0.0  
  88     0.0    0.0  
  89     0.0    0.0  
  90     0.0    0.0  
  91     0.0    0.0  
  92     0.0    0.0  
  93     0.0    0.0  
  94     0.0    0.0  
  95     0.0    0.0  
  96     0.0    0.0  
  97     0.0    0.0  
  98     0.0    0.0  
  99     0.0    0.0  
  100    0.0    0.0  
  101    0.0    0.0  
  102    0.0    0.0  
  103    0.0    0.0  
  104    0.0    0.0  
  105    0.0    0.0  
  106    0.0    0.0  
  107    0.0    0.0  
  108    0.0    0.0  
  109    0.0    0.0  
  110    0.0    0.0  
  111    0.0    0.0  
  112    0.0    0.0  
  113    0.0    0.0  
  114    0.0    0.0  
  115    0.0    0.0  
  116    0.0    0.0  
  117    0.0    0.0  
  118    0.0    0.0  
  119    0.0    0.0  
  120    0.0    0.0  
  121    0.0    0.0  
  122    0.0    0.0  
  123    0.0    0.0  
  124    0.0    0.0  
  125    0.0    0.0  
  126    0.0    0.0  
  127    0.0    0.0  
  128    0.0    0.0  
  129    0.0    0.0  
  130    0.0    0.0  
  131    0.0    0.0  
  132    0.0    0.0  
  133    0.0    0.0  
  134    0.0    0.0  
  135    0.0    0.0  
  136    0.0    0.0  
  137    0.0    0.0  
  138    0.0    0.0  
  139    0.0    0.0  
  140    0.0    0.0  
  141    0.0    0.0  
  142    0.0    0.0  
  143    0.0    0.0  
  144    0.0    0.0  
  145    0.0    0.0  
  146    0.0    0.0  
  147    0.0    0.0  
  148    0.0    0.0  
  149    0.0    0.0  
  150    0.0    0.0  
  151    0.0    0.0  
  152    0.0    0.0  
  153    0.0    0.0  
  154    0.0    0.0  
  155    0.0    0.0  
  156    0.0    0.0  
  157    0.0    0.0  
  158    0.0    0.0  
  159    0.0    0.0  
  160    0.0    0.0  
  161    0.0    0.0  
  162    0.0    0.0  
  163    0.0    0.0  
  164    0.0    0.0  
  165    0.0    0.0  
  166    0.0    0.0  
  167    0.0    0.0  
  168    0.0    0.0  
  169    0.0    0.0  
  170    0.0    0.0  
  171    0.0    0.0  
  172    0.0    0.0  
  173    0.0    0.0  
  174    0.0    0.0  
  175    0.0    0.0  
  176    0.0    0.0  
  177    0.0    0.0  

Optimal vaccinations (V_opt) 
  day    V_opt by area 
   0     1500    0  
   1     1500    0  
   2     1500    0  
   3     1500    0  
   4     1500    0  
   5     1500    0  
   6     1500    0  
   7     1500    0  
   8     1500    0  
   9     1500    0  
  10     1500    0  
  11     1500    0  
  12     1500    0  
  13     1500    0  
  14     1500    0  
  15     1500    0  
  16     1500    0  
  17     1500    0  
  18     1500    0  
  19     1500    0  
  20     1500    0  
  21     1500    0  
  22     1500    0  
  23     1500    0  
  24     1500    0  
  25     1500    0  
  26     1500    0  
  27     1500    0  
  28     1500    0  
  29     1500    0  
  30     1500    0  
  31     1500    0  
  32     1500    0  
  33     1500    0  
  34     1500    0  
  35     1500    0  
  36     1500    0  
  37     1500    0  
  38     1500    0  
  39     1500    0  
  40     1500    0  
  41     1500    0  
  42     1500    0  
  43     1500    0  
  44     1500    0  
  45     684.9989676730926    815.0010323269074  
  46     0.0    1500.0  
  47     0.0    1500.0  
  48     0.0    1500.0  
  49     0.0    1500.0  
  50     0.0    1500.0  
  51     0.0    1500.0  
  52     0.0    1500.0  
  53     0.0    1500.0  
  54     0.0    1500.0  
  55     0.0    1500.0  
  56     0.0    1500.0  
  57     0.0    1500.0  
  58     0.0    1500.0  
  59     0.0    1500.0  
  60     0.0    1500.0  
  61     0.0    1500.0  
  62     0.0    1500.0  
  63     0.0    1500.0  
  64     0.0    1500.0  
  65     0.0    1500.0  
  66     0.0    1500.0  
  67     0.0    1500.0  
  68     0.0    1500.0  
  69     0.0    1500.0  
  70     0.0    1500.0  
  71     0.0    1500.0  
  72     0.0    1500.0  
  73     0.0    1500.0  
  74     0.0    1500.0  
  75     0.0    1500.0  
  76     0.0    1500.0  
  77     0.0    1500.0  
  78     0.0    1500.0  
  79     0.0    1500.0  
  80     0.0    1500.0  
  81     0.0    1500.0  
  82     0.0    1500.0  
  83     0.0    1500.0  
  84     0.0    512.2146610237955  
  85     0.0    0.0  
  86     0.0    0.0  
  87     0.0    0.0  
  88     0.0    0.0  
  89     0.0    0.0  
  90     0.0    0.0  
  91     0.0    0.0  
  92     0.0    0.0  
  93     0.0    0.0  
  94     0.0    0.0  
  95     0.0    0.0  
  96     0.0    0.0  
  97     0.0    0.0  
  98     0.0    0.0  
  99     0.0    0.0  
  100    0.0    0.0  
  101    0.0    0.0  
  102    0.0    0.0  
  103    0.0    0.0  
  104    0.0    0.0  
  105    0.0    0.0  
  106    0.0    0.0  
  107    0.0    0.0  
  108    0.0    0.0  
  109    0.0    0.0  
  110    0.0    0.0  
  111    0.0    0.0  
  112    0.0    0.0  
  113    0.0    0.0  
  114    0.0    0.0  
  115    0.0    0.0  
  116    0.0    0.0  
  117    0.0    0.0  
  118    0.0    0.0  
  119    0.0    0.0  
  120    0.0    0.0  
  121    0.0    0.0  
  122    0.0    0.0  
  123    0.0    0.0  
  124    0.0    0.0  
  125    0.0    0.0  
  126    0.0    0.0  
  127    0.0    0.0  
  128    0.0    0.0  
  129    0.0    0.0  
  130    0.0    0.0  
  131    0.0    0.0  
  132    0.0    0.0  
  133    0.0    0.0  
  134    0.0    0.0  
  135    0.0    0.0  
  136    0.0    0.0  
  137    0.0    0.0  
  138    0.0    0.0  
  139    0.0    0.0  
  140    0.0    0.0  
  141    0.0    0.0  
  142    0.0    0.0  
  143    0.0    0.0  
  144    0.0    0.0  
  145    0.0    0.0  
  146    0.0    0.0  
  147    0.0    0.0  
  148    0.0    0.0  
  149    0.0    0.0  
  150    0.0    0.0  
  151    0.0    0.0  
  152    0.0    0.0  
  153    0.0    0.0  
  154    0.0    0.0  
  155    0.0    0.0  
  156    0.0    0.0  
  157    0.0    0.0  
  158    0.0    0.0  
  159    0.0    0.0  
  160    0.0    0.0  
  161    0.0    0.0  
  162    0.0    0.0  
  163    0.0    0.0  
  164    0.0    0.0  
  165    0.0    0.0  
  166    0.0    0.0  
  167    0.0    0.0  
  168    0.0    0.0  
  169    0.0    0.0  
  170    0.0    0.0  
  171    0.0    0.0  
  172    0.0    0.0  
  173    0.0    0.0  
  174    0.0    0.0  
  175    0.0    0.0  
  176    0.0    0.0  
  177    0.0    0.0  
