Optimization input_C\C3.1.xml

Time Horizon: 180  nu: 0
Donor in t_n: no
Improving search: False
variant emergence n: 45000  L: 15  T_D: 25
Mortality p_D: 0.014  p_V_D: 0.0079  Vacc effectiveness p_e: 0.8  p_r: 0.8
Rates r_I: 0.2  r_0: 0.25641  a_0: 0.6  delta_a: 0.6
Behavior dynamics with  v_u: 0.03
gamma by area: 1  1  1  
Lambda Converg. lambda: 0.001  phi: 4  dT: 4  delta: 0.1  iter_search: 1
LP Converg. epsilon: 1000  delta_I: 0.001  beta: 0.8  iter: 1

Convergence: Min/Max change in V_cal, (sim - LP)

i  j     lambda    zNLP    deaths tot_deaths t_n    conv of V_cal     vacc by area
first simulation
0  0       0        0      643.14  2185.88   27.78                    67920  58347  43390 
optimal (best deaths found)
0  -1    0.0000            643.14  2185.88   27.78 (    0.0,   0.0)  67920  58347  43390 
minimum (best zNLP for last lambda) w/ convergence for last LP
0  1     0.0010   703.28   643.15  2188.11   27.78 (  -91.1,  92.3)  68182  49738  51862 

Outer Loop over lambda. j_min = iter of inner loop that achieves best zNLP
iter   lambda j_min wtd deaths subopt
0      0.0010  1    643.15      0.01 

Inner Loop at last lambda
iter   zNLP     subopt   deaths donor_deaths tot_deaths t_n   vacc by area
0        0.00   -703.28   643.14    643.14   2185.88   27.78  67920  58347  43390 
1      703.28      0.00   643.15    643.15   2188.11   27.78  68182  49738  51862 

Vaccinations: sim of best LP (best j), last lambda (V_min) 
  day    V_opt by area 
   0     1500.0    0.0    0.0  
   1     1500.0    0.0    0.0  
   2     1500.0    0.0    0.0  
   3     1500.0    0.0    0.0  
   4     1500.0    0.0    0.0  
   5     1500.0    0.0    0.0  
   6     1500.0    0.0    0.0  
   7     1500.0    0.0    0.0  
   8     1500.0    0.0    0.0  
   9     1500.0    0.0    0.0  
  10     1500.0    0.0    0.0  
  11     1500.0    0.0    0.0  
  12     1500.0    0.0    0.0  
  13     1500.0    0.0    0.0  
  14     1500.0    0.0    0.0  
  15     1500.0    0.0    0.0  
  16     1500.0    0.0    0.0  
  17     1500.0    0.0    0.0  
  18     1500.0    0.0    0.0  
  19     1500.0    0.0    0.0  
  20     1500.0    0.0    0.0  
  21     1500.0    0.0    0.0  
  22     1500.0    0.0    0.0  
  23     1500.0    0.0    0.0  
  24     1500.0    0.0    0.0  
  25     1500.0    0.0    0.0  
  26     1500.0    0.0    0.0  
  27     1500.0    0.0    0.0  
  28     1500.0    0.0    0.0  
  29     1500.0    0.0    0.0  
  30     1500.0    0.0    0.0  
  31     1500.0    0.0    0.0  
  32     1500.0    0.0    0.0  
  33     1500.0    0.0    0.0  
  34     1500.0    0.0    0.0  
  35     1500.0    0.0    0.0  
  36     1500.0    0.0    0.0  
  37     1500.0    0.0    0.0  
  38     1500.0    0.0    0.0  
  39     1500.0    0.0    0.0  
  40     1500.0    0.0    0.0  
  41     1500.0    0.0    0.0  
  42     1500.0    0.0    0.0  
  43     1500.0    0.0    0.0  
  44     1500.0    0.0    0.0  
  45     682.2706198631071    0.0    817.7293801368929  
  46     0.0    0.0    1500.0  
  47     0.0    0.0    1500.0  
  48     0.0    0.0    1500.0  
  49     0.0    0.0    1500.0  
  50     0.0    0.0    1500.0  
  51     0.0    0.0    1500.0  
  52     0.0    0.0    1500.0  
  53     0.0    0.0    1500.0  
  54     0.0    1500.0    0.0  
  55     0.0    1500.0    0.0  
  56     0.0    1500.0    0.0  
  57     0.0    0.0    1500.0  
  58     0.0    1500.0    0.0  
  59     0.0    1500.0    0.0  
  60     0.0    1500.0    0.0  
  61     0.0    0.0    1500.0  
  62     0.0    0.0    1500.0  
  63     0.0    0.0    1500.0  
  64     0.0    0.0    1500.0  
  65     0.0    0.0    1500.0  
  66     0.0    0.0    1500.0  
  67     0.0    0.0    1500.0  
  68     0.0    1500.0    0.0  
  69     0.0    1500.0    0.0  
  70     0.0    1500.0    0.0  
  71     0.0    1500.0    0.0  
  72     0.0    1500.0    0.0  
  73     0.0    1500.0    0.0  
  74     0.0    1500.0    0.0  
  75     0.0    1500.0    0.0  
  76     0.0    0.0    1500.0  
  77     0.0    0.0    1500.0  
  78     0.0    0.0    1500.0  
  79     0.0    0.0    1500.0  
  80     0.0    0.0    1500.0  
  81     0.0    0.0    1500.0  
  82     0.0    0.0    1500.0  
  83     0.0    0.0    1500.0  
  84     0.0    0.0    1500.0  
  85     0.0    1500.0    0.0  
  86     0.0    1500.0    0.0  
  87     0.0    1500.0    0.0  
  88     0.0    0.0    1500.0  
  89     0.0    0.0    1500.0  
  90     0.0    1500.0    0.0  
  91     0.0    1500.0    0.0  
  92     0.0    0.0    1500.0  
  93     0.0    0.0    1500.0  
  94     0.0    0.0    1500.0  
  95     0.0    1500.0    0.0  
  96     0.0    1500.0    0.0  
  97     0.0    1500.0    0.0  
  98     0.0    1500.0    0.0  
  99     0.0    1500.0    0.0  
  100    0.0    1500.0    0.0  
  101    0.0    1500.0    0.0  
  102    0.0    0.0    1500.0  
  103    0.0    1500.0    0.0  
  104    0.0    1500.0    0.0  
  105    0.0    1500.0    0.0  
  106    0.0    1500.0    0.0  
  107    0.0    1500.0    0.0  
  108    0.0    0.0    1500.0  
  109    0.0    0.0    1500.0  
  110    0.0    0.0    1500.0  
  111    0.0    1500.0    0.0  
  112    0.0    1469.254939242318    30.74506075768204  
  113    1.0177000276855252e-11    268.978024336416    109.00880217166318  
  114    0.0    0.0    -94.98827260608277  
  115    0.0    0.0    0.0  
  116    0.0    0.0    0.0  
  117    0.0    0.0    0.0  
  118    0.0    0.0    0.0  
  119    0.0    0.0    0.0  
  120    0.0    0.0    0.0  
  121    0.0    0.0    0.0  
  122    0.0    0.0    0.0  
  123    0.0    0.0    0.0  
  124    0.0    0.0    0.0  
  125    0.0    0.0    0.0  
  126    0.0    0.0    0.0  
  127    0.0    0.0    0.0  
  128    0.0    0.0    0.0  
  129    0.0    0.0    0.0  
  130    0.0    0.0    0.0  
  131    0.0    0.0    0.0  
  132    0.0    0.0    0.0  
  133    0.0    0.0    0.0  
  134    0.0    0.0    0.0  
  135    0.0    0.0    0.0  
  136    0.0    0.0    0.0  
  137    0.0    0.0    0.0  
  138    0.0    0.0    0.0  
  139    0.0    0.0    0.0  
  140    0.0    0.0    0.0  
  141    0.0    0.0    0.0  
  142    0.0    0.0    0.0  
  143    0.0    0.0    0.0  
  144    0.0    0.0    0.0  
  145    0.0    0.0    0.0  
  146    0.0    0.0    0.0  
  147    0.0    0.0    0.0  
  148    0.0    0.0    0.0  
  149    0.0    0.0    0.0  
  150    0.0    0.0    0.0  
  151    0.0    0.0    0.0  
  152    0.0    0.0    0.0  
  153    0.0    0.0    0.0  
  154    0.0    0.0    0.0  
  155    0.0    0.0    0.0  
  156    0.0    0.0    0.0  
  157    0.0    0.0    0.0  
  158    0.0    0.0    0.0  
  159    0.0    0.0    0.0  
  160    0.0    0.0    0.0  
  161    0.0    0.0    0.0  
  162    0.0    0.0    0.0  
  163    0.0    0.0    0.0  
  164    0.0    0.0    0.0  
  165    0.0    0.0    0.0  
  166    0.0    0.0    0.0  
  167    0.0    0.0    0.0  
  168    0.0    0.0    0.0  
  169    0.0    0.0    0.0  
  170    0.0    0.0    0.0  
  171    0.0    0.0    0.0  
  172    0.0    0.0    0.0  
  173    0.0    0.0    0.0  
  174    0.0    0.0    0.0  
  175    0.0    0.0    0.0  
  176    0.0    0.0    0.0  
  177    0.0    0.0    0.0  

Optimal vaccinations (V_opt) 
  day    V_opt by area 
   0     1500    0    0  
   1     1500    0    0  
   2     1500    0    0  
   3     1500    0    0  
   4     1500    0    0  
   5     1500    0    0  
   6     1500    0    0  
   7     1500    0    0  
   8     1500    0    0  
   9     1500    0    0  
  10     1500    0    0  
  11     1500    0    0  
  12     1500    0    0  
  13     1500    0    0  
  14     1500    0    0  
  15     1500    0    0  
  16     1500    0    0  
  17     1500    0    0  
  18     1500    0    0  
  19     1500    0    0  
  20     1500    0    0  
  21     1500    0    0  
  22     1500    0    0  
  23     1500    0    0  
  24     1500    0    0  
  25     1500    0    0  
  26     1500    0    0  
  27     1500    0    0  
  28     1500    0    0  
  29     1500    0    0  
  30     1500    0    0  
  31     1500    0    0  
  32     1500    0    0  
  33     1500    0    0  
  34     1500    0    0  
  35     1500    0    0  
  36     1500    0    0  
  37     1500    0    0  
  38     1500    0    0  
  39     1500    0    0  
  40     1500    0    0  
  41     1500    0    0  
  42     1500    0    0  
  43     1500    0    0  
  44     1500    0    0  
  45     1364.5412397262467    135.45876027375334    0.0  
  46     -1359.2919555911585    2859.2919555911585    0.0  
  47     1354.1010062875773    145.89899371242268    0.0  
  48     -1348.965869122822    2848.9658691228215    0.0  
  49     1343.8806417032545    156.11935829674553    0.0  
  50     -1338.8398879515128    2838.8398879515125    0.0  
  51     1333.8353004051257    166.16469959487426    0.0  
  52     -1328.8593332436287    2828.8593332436285    0.0  
  53     1323.9015582667964    176.09844173320357    0.0  
  54     -1318.9522913969395    2818.9522913969395    0.0  
  55     1313.9987612769103    186.00123872308973    0.0  
  56     -1309.028846591004    2809.0288465910035    0.0  
  57     1304.027104733704    195.97289526629606    0.0  
  58     -1298.9787261459426    2798.9787261459423    0.0  
  59     1293.8654445901293    206.1345554098707    0.0  
  60     -1288.6698320238697    2788.66983202387    0.0  
  61     1283.3710962140437    216.62890378595625    0.0  
  62     -1277.949852157527    2777.949852157527    0.0  
  63     1272.3837812903787    227.6162187096213    0.0  
  64     -1266.6529934183243    2766.6529934183245    0.0  
  65     1260.7354612239412    239.26453877605877    0.0  
  66     -1254.61301518222    2754.61301518222    0.0  
  67     1248.266394779934    251.733605220066    0.0  
  68     -1241.6818158822673    2741.681815882267    0.0  
  69     1234.8454480437085    265.15455195629147    0.0  
  70     -1227.7504003577726    2727.7504003577724    0.0  
  71     1220.390488782364    279.60951121763605    0.0  
  72     -1212.7674259093774    2712.7674259093774    0.0  
  73     1204.8838754627204    295.1161245372796    0.0  
  74     -1196.7505964489178    2696.7505964489173    0.0  
  75     1188.378944229001    311.62105577099896    0.0  
  76     -1179.7877103475325    2679.787710347533    0.0  
  77     1170.9953780411417    329.00462195885825    0.0  
  78     -1162.0264380221495    2662.0264380221497    0.0  
  79     1152.903812877139    347.096187122861    0.0  
  80     -1143.6545213213872    2643.6545213213867    0.0  
  81     1134.3027167381817    365.69728326181826    0.0  
  82     -1124.8746796150826    2624.8746796150826    0.0  
  83     1115.3928395773378    384.6071604226622    0.0  
  84     -1105.8801447200592    1085.8321162079299    1520.0480285121296  
  85     1096.3552609689034    0.0    403.6447390310966  
  86     -1086.8363772519415    0.0    2586.8363772519415  
  87     1077.3375602784333    0.0    422.66243972156667  
  88     -1067.872032116729    0.0    2567.8720321167293  
  89     1058.4494839069228    0.0    441.55051609307725  
  90     -1049.0788504506722    0.0    2549.0788504506722  
  91     1039.7663054750096    0.0    460.23369452499037  
  92     -1030.5175767683224    0.0    2530.517576768322  
  93     1021.3363559580237    0.0    478.66364404197634  
  94     -1012.2262348782858    0.0    2512.226234878286  
  95     1003.1893237190492    0.0    496.81067628095076  
  96     -994.2279190125648    0.0    2494.2279190125646  
  97     985.3431922639313    0.0    514.6568077360687  
  98     -976.5367069316577    0.0    2476.5367069316576  
  99     967.8090919781699    0.0    532.1909080218302  
  100    -959.1615110156955    0.0    2459.1615110156954  
  101    950.5942682277185    0.0    549.4057317722813  
  102    -942.108307913912    0.0    2442.108307913912  
  103    933.7037197390964    0.0    566.2962802609036  
  104    -925.3813211973848    0.0    2425.3813211973848  
  105    917.141041432107    0.0    582.8589585678928  
  106    -908.9836180115676    0.0    2408.9836180115676  
  107    900.9088473335851    0.0    599.0911526664149  
  108    -892.917411837992    0.0    2392.917411837992  
  109    885.0089917707265    0.0    614.9910082292736  
  110    -877.1842287243358    0.0    2377.1842287243358  
  111    869.4426987628467    0.0    630.5573012371533  
  112    -861.7850115983471    0.0    2353.2813609934683  
  113    854.2106489662965    0.0    0.0  
  114    -846.7201945996434    0.0    0.0  
  115    839.3130444918708    0.0    0.0  
  116    -831.9897602551026    0.0    0.0  
  117    824.7496597429343    0.0    0.0  
  118    -817.5932848142845    0.0    0.0  
  119    810.5198819331921    0.0    0.0  
  120    -803.5299744540567    0.0    0.0  
  121    796.6227434607832    0.0    0.0  
  122    -789.7986942211184    0.0    0.0  
  123    783.0569478194238    0.0    0.0  
  124    -776.3979912572548    0.0    0.0  
  125    769.820890479559    0.0    0.0  
  126    -763.3261136331078    0.0    0.0  
  127    756.9126759604525    0.0    0.0  
  128    -750.5810259051814    0.0    0.0  
  129    744.3301321039113    0.0    0.0  
  130    -738.1604223048696    0.0    0.0  
  131    732.0708223618934    0.0    0.0  
  132    -726.061738280596    0.0    0.0  
  133    720.1320567351652    0.0    0.0  
  134    -714.2821609530555    0.0    0.0  
  135    708.5109018532921    0.0    0.0  
  136    -702.8186389108128    0.0    0.0  
  137    697.2041905669406    0.0    0.0  
  138    -691.6678916668466    0.0    0.0  
  139    686.2085313283702    0.0    0.0  
  140    -680.8264190120942    0.0    0.0  
  141    675.5203175609167    0.0    0.0  
  142    -670.290510435456    0.0    0.0  
  143    665.1357371591957    0.0    0.0  
  144    -660.0562547273432    0.0    0.0  
  145    655.0507822152797    0.0    0.0  
  146    -650.1195498426046    0.0    0.0  
  147    645.2612590294608    0.0    0.0  
  148    -640.4761130661159    0.0    0.0  
  149    635.7627984352805    0.0    0.0  
  150    -631.1214914985986    0.0    0.0  
  151    626.5508664456335    0.0    0.0  
  152    -622.0510728599127    0.0    0.0  
  153    617.6207752087182    0.0    0.0  
  154    -613.2600965910797    0.0    0.0  
  155    608.9676942484582    0.0    0.0  
  156    -604.7436652238187    0.0    0.0  
  157    600.5866619530603    0.0    0.0  
  158    -596.4967559767994    0.0    0.0  
  159    592.4725972670625    0.0    0.0  
  160    -588.5142325306647    0.0    0.0  
  161    584.6203115361353    0.0    0.0  
  162    -580.7908569287707    0.0    0.0  
  163    577.024520449713    0.0    0.0  
  164    -573.3213015472495    0.0    0.0  
  165    569.6798560239639    0.0    0.0  
  166    -566.1001610761632    0.0    0.0  
  167    562.5808785664593    0.0    0.0  
  168    -559.1219644529951    0.0    0.0  
  169    555.7220885639557    0.0    0.0  
  170    -552.3811866903281    0.0    0.0  
  171    549.0979384358174    0.0    0.0  
  172    -545.8722605411336    0.0    0.0  
  173    542.7028440976102    0.0    0.0  
  174    -539.5895879474978    0.0    0.0  
  175    536.5311962821612    0.0    0.0  
  176    -533.5275512217034    0.0    0.0  
  177    530.5773715687681    0.0    0.0  
