QP input_data/S2.4.xml

Time Horizon: 20
Donor in t_n: no
Initial policy priority to 1  t_switch: 20
dT: 4
nu: 1
lambda: 0.1
eps: 100
Converg. phi: 4  iter_search: 10

QP results are counted even if the time limit (600s) is reached. Suboptimality is unknown.

i     lambda      deaths  tot_deaths t_n    vacc by area
first simulation
0       0        10.833    10.833    5.84   49908  89300 
optimal (best deaths found)
2     0.4000     10.023    10.023    5.93   49759  89627 

Outer Loop
iter   lambda    wtd deaths  subopt  t_n
0      0.1000     10.030     0.006   5.93 
1      0.1000     10.026     0.003   5.93 
2      0.4000     10.023     0.000   5.93 
3      1.6000     10.023     0.000   5.93 
4      1.1416     10.023     0.000   5.93 
5      0.8584     10.023     0.000   5.93 


Optimal vaccinations (V_opt) 
  day    V_opt by area 
   0     0.0    10000.0  
   1     0.0    10000.0  
   2     0.0    10000.0  
   3     0.0    10000.0  
   4     0.0    10000.0  
   5     0.0    10000.0  
   6     0.0    10000.0  
   7     0.0    10000.0  
   8     373.1935412634921    9626.806458736512  
   9     10000.0    0.0  
  10     10000.0    0.0  
  11     10000.0    0.0  
  12     10000.0    0.0  
  13     9386.281200779362    0.0  
  14     0.0    0.0  
  15     0.0    0.0  
  16     0.0    0.0  
