QP input_data/T2.1_short.xml

Time Horizon: 20
Donor in t_n: no
Initial policy priority to 1  t_switch: 90
dT: 4
nu: 0
lambda: 0.01
eps: 250
Converg. phi: 4  iter_search: 20

QP results are counted even if the time limit (600s) is reached. Suboptimality is unknown.

i     lambda      deaths  tot_deaths t_n    vacc by area
first simulation
0       0         2.167     7.856    5.50   8500     0 
optimal (best deaths found)
0     0.0000      2.167     7.856    5.50   8500     0 

Outer Loop
iter   lambda    wtd deaths  subopt  t_n
0      0.0100   10000000.000  9999997.833   5.50 
1      0.0100   10000000.000  9999997.833   5.50 
2      0.0400   10000000.000  9999997.833   5.50 
3      0.0025   10000000.000  9999997.833   5.50 
4      0.0006   10000000.000  9999997.833   5.50 
5      0.0002   10000000.000  9999997.833   5.50 
6      0.0000   10000000.000  9999997.833   5.50 
7      0.0000   10000000.000  9999997.833   5.50 
8      0.0000   10000000.000  9999997.833   5.50 
9      0.0000   10000000.000  9999997.833   5.50 
10     0.0000   10000000.000  9999997.833   5.50 
11     0.0000   10000000.000  9999997.833   5.50 
12     0.0000   10000000.000  9999997.833   5.50 
13     0.0000   10000000.000  9999997.833   5.50 
14     0.0000   10000000.000  9999997.833   5.50 
15     0.0000   10000000.000  9999997.833   5.50 
16     0.0000   10000000.000  9999997.833   5.50 
17     0.0000   10000000.000  9999997.833   5.50 
18     0.0000   10000000.000  9999997.833   5.50 
19     0.0000   10000000.000  9999997.833   5.50 
20     0.0000   10000000.000  9999997.833   5.50 
21     0.0000   10000000.000  9999997.833   5.50 
22     0.0000   10000000.000  9999997.833   5.50 


Optimal vaccinations (V_opt) 
  day    V_opt by area 
   0     500    0  
   1     500    0  
   2     500    0  
   3     500    0  
   4     500    0  
   5     500    0  
   6     500    0  
   7     500    0  
   8     500    0  
   9     500    0  
  10     500    0  
  11     500    0  
  12     500    0  
  13     500    0  
  14     500    0  
  15     500    0  
  16     500    0  
