Optimization inputs/T2.2b.xml

Time Horizon: 180
Donor in t_n: no
Improving search: False
Initial policy priority to 1  t_switch: 180
dT: 4
nu: 0
lambda: 0.01
eps: 500
Converg. phi: 1  delta_I: 0.001  iter_search: 1

Convergence: Min/Max change in V_cal, (sim - LP)

i  j     lambda    zNLP    deaths tot_deaths t_n    conv of V_cal     vacc by area
first simulation
0  0       0        0      404.38  1706.64   53.78                    38753  55200 
optimal (best deaths found)
0  -1    0.0000            404.38  1706.64   53.78 (    0.0,   0.0)  38753  55200 
minimum (best zNLP for last lambda) w/ convergence for last LP
0  4     0.0100   527.46   409.66  1706.54   53.78 ( -519.8, 524.5)  38741  55377 

Outer Loop at last lambda. j_min = iter of inner loop that achieves best zNLP
iter   lambda j_min wtd deaths subopt   t_n
0      0.0100  4    409.66      5.28  53.78 


Inner Loop at last lambda
iter   zNLP     subopt   deaths donor_deaths tot_deaths t_n   vacc by area
0        0.00   -527.46   404.38    404.38   1706.64   53.78  38753  55200 
1      593.46     66.00   464.30    464.30   1081.40   78.22  34707  61491 
2      527.46      0.00   409.66    409.66   1706.54   53.78  38741  55377 
3      593.45     65.99   464.30    464.30   1080.59   78.22  34707  61552 
4      527.46      0.00   409.66    409.66   1706.54   53.78  38741  55377 
5      588.53     61.08   458.53    458.53   1106.34   77.40  34893  61171 
6      527.55      0.09   409.66    409.66   1706.54   53.78  38741  55377 
7      562.64     35.19   421.96    421.96   1314.59   70.72  36269  58648 
8      531.01      3.56   409.45    409.45   1706.55   53.78  38742  55370 
9      575.39     47.93   420.89    420.89   1520.61   63.04  37512  56914 
10     554.81     27.35   424.76    424.76   1621.56   57.08  38338  58745 


Vaccinations: sim of best LP (best j), last lambda (V_min) 
  day    V_opt by area 
   0     800.0    0.0  
   1     800.0    0.0  
   2     800.0    0.0  
   3     800.0    0.0  
   4     800.0    0.0  
   5     800.0    0.0  
   6     800.0    0.0  
   7     800.0    0.0  
   8     800.0    0.0  
   9     800.0    0.0  
  10     800.0    0.0  
  11     800.0    0.0  
  12     800.0    0.0  
  13     800.0    0.0  
  14     800.0    0.0  
  15     800.0    0.0  
  16     800.0    0.0  
  17     800.0    0.0  
  18     800.0    0.0  
  19     800.0    0.0  
  20     800.0    0.0  
  21     800.0    0.0  
  22     800.0    0.0  
  23     800.0    0.0  
  24     800.0    0.0  
  25     800.0    0.0  
  26     800.0    0.0  
  27     800.0    0.0  
  28     800.0    0.0  
  29     800.0    0.0  
  30     800.0    0.0  
  31     800.0    0.0  
  32     800.0    0.0  
  33     800.0    0.0  
  34     800.0    0.0  
  35     800.0    0.0  
  36     800.0    0.0  
  37     800.0    0.0  
  38     800.0    0.0  
  39     800.0    0.0  
  40     800.0    0.0  
  41     800.0    0.0  
  42     800.0    0.0  
  43     800.0    0.0  
  44     800.0    0.0  
  45     800.0    0.0  
  46     800.0    0.0  
  47     800.0    0.0  
  48     137.2043584371968    662.7956415628032  
  49     0.0    800.0  
  50     0.0    800.0  
  51     0.0    800.0  
  52     0.0    800.0  
  53     0.0    800.0  
  54     0.0    800.0  
  55     0.0    800.0  
  56     0.0    800.0  
  57     0.0    800.0  
  58     0.0    800.0  
  59     0.0    800.0  
  60     0.0    800.0  
  61     0.0    800.0  
  62     0.0    800.0  
  63     0.0    800.0  
  64     0.0    800.0  
  65     0.0    800.0  
  66     0.0    800.0  
  67     0.0    800.0  
  68     0.0    800.0  
  69     0.0    800.0  
  70     0.0    800.0  
  71     0.0    800.0  
  72     0.0    800.0  
  73     0.0    800.0  
  74     0.0    800.0  
  75     0.0    800.0  
  76     0.0    800.0  
  77     0.0    800.0  
  78     0.0    800.0  
  79     0.0    800.0  
  80     0.0    800.0  
  81     0.0    800.0  
  82     0.0    800.0  
  83     0.0    800.0  
  84     0.0    800.0  
  85     0.0    800.0  
  86     0.0    800.0  
  87     0.0    800.0  
  88     0.0    800.0  
  89     0.0    800.0  
  90     0.0    800.0  
  91     0.0    800.0  
  92     0.0    800.0  
  93     0.0    800.0  
  94     0.0    800.0  
  95     0.0    800.0  
  96     0.0    800.0  
  97     0.0    800.0  
  98     0.0    800.0  
  99     0.0    800.0  
  100    0.0    800.0  
  101    0.0    800.0  
  102    0.0    800.0  
  103    0.0    800.0  
  104    0.0    800.0  
  105    0.0    800.0  
  106    0.0    800.0  
  107    0.0    800.0  
  108    0.0    800.0  
  109    0.0    800.0  
  110    0.0    800.0  
  111    0.0    800.0  
  112    0.0    800.0  
  113    0.0    800.0  
  114    0.0    800.0  
  115    0.0    800.0  
  116    0.0    800.0  
  117    203.9565986510217    314.69043362873657  
  118    0.0    0.0  
  119    0.0    0.0  
  120    0.0    0.0  
  121    0.0    0.0  
  122    0.0    0.0  
  123    0.0    0.0  
  124    0.0    0.0  
  125    0.0    0.0  
  126    0.0    0.0  
  127    0.0    0.0  
  128    0.0    0.0  
  129    0.0    0.0  
  130    0.0    0.0  
  131    0.0    0.0  
  132    0.0    0.0  
  133    0.0    0.0  
  134    0.0    0.0  
  135    0.0    0.0  
  136    0.0    0.0  
  137    0.0    0.0  
  138    0.0    0.0  
  139    0.0    0.0  
  140    0.0    0.0  
  141    0.0    0.0  
  142    0.0    0.0  
  143    0.0    0.0  
  144    0.0    0.0  
  145    0.0    0.0  
  146    0.0    0.0  
  147    0.0    0.0  
  148    0.0    0.0  
  149    0.0    0.0  
  150    0.0    0.0  
  151    0.0    0.0  
  152    0.0    0.0  
  153    0.0    0.0  
  154    0.0    0.0  
  155    0.0    0.0  
  156    0.0    0.0  
  157    0.0    0.0  
  158    0.0    0.0  
  159    0.0    0.0  
  160    0.0    0.0  
  161    0.0    0.0  
  162    0.0    0.0  
  163    0.0    0.0  
  164    0.0    0.0  
  165    0.0    0.0  
  166    0.0    0.0  
  167    0.0    0.0  
  168    0.0    0.0  
  169    0.0    0.0  
  170    0.0    0.0  
  171    0.0    0.0  
  172    0.0    0.0  
  173    0.0    0.0  
  174    0.0    0.0  
  175    0.0    0.0  
  176    0.0    0.0  

Optimal vaccinations (V_opt) 
  day    V_opt by area 
   0     800    0  
   1     800    0  
   2     800    0  
   3     800    0  
   4     800    0  
   5     800    0  
   6     800    0  
   7     800    0  
   8     800    0  
   9     800    0  
  10     800    0  
  11     800    0  
  12     800    0  
  13     800    0  
  14     800    0  
  15     800    0  
  16     800    0  
  17     800    0  
  18     800    0  
  19     800    0  
  20     800    0  
  21     800    0  
  22     800    0  
  23     800    0  
  24     800    0  
  25     800    0  
  26     800    0  
  27     800    0  
  28     800    0  
  29     800    0  
  30     800    0  
  31     800    0  
  32     800    0  
  33     800    0  
  34     800    0  
  35     800    0  
  36     800    0  
  37     800    0  
  38     800    0  
  39     800    0  
  40     800    0  
  41     800    0  
  42     800    0  
  43     800    0  
  44     800    0  
  45     800    0  
  46     800    0  
  47     800    0  
  48     352.8490418721666    447.1509581278334  
  49     0.0    800.0  
  50     0.0    800.0  
  51     0.0    800.0  
  52     0.0    800.0  
  53     0.0    800.0  
  54     0.0    800.0  
  55     0.0    800.0  
  56     0.0    800.0  
  57     0.0    800.0  
  58     0.0    800.0  
  59     0.0    800.0  
  60     0.0    800.0  
  61     0.0    800.0  
  62     0.0    800.0  
  63     0.0    800.0  
  64     0.0    800.0  
  65     0.0    800.0  
  66     0.0    800.0  
  67     0.0    800.0  
  68     0.0    800.0  
  69     0.0    800.0  
  70     0.0    800.0  
  71     0.0    800.0  
  72     0.0    800.0  
  73     0.0    800.0  
  74     0.0    800.0  
  75     0.0    800.0  
  76     0.0    800.0  
  77     0.0    800.0  
  78     0.0    800.0  
  79     0.0    800.0  
  80     0.0    800.0  
  81     0.0    800.0  
  82     0.0    800.0  
  83     0.0    800.0  
  84     0.0    800.0  
  85     0.0    800.0  
  86     0.0    800.0  
  87     0.0    800.0  
  88     0.0    800.0  
  89     0.0    800.0  
  90     0.0    800.0  
  91     0.0    800.0  
  92     0.0    800.0  
  93     0.0    800.0  
  94     0.0    800.0  
  95     0.0    800.0  
  96     0.0    800.0  
  97     0.0    800.0  
  98     0.0    800.0  
  99     0.0    800.0  
  100    0.0    800.0  
  101    0.0    800.0  
  102    0.0    800.0  
  103    0.0    800.0  
  104    0.0    800.0  
  105    0.0    800.0  
  106    0.0    800.0  
  107    0.0    800.0  
  108    0.0    800.0  
  109    0.0    800.0  
  110    0.0    800.0  
  111    0.0    800.0  
  112    0.0    800.0  
  113    0.0    800.0  
  114    0.0    800.0  
  115    0.0    800.0  
  116    0.0    800.0  
  117    0.0    352.4589559028802  
  118    0.0    0.0  
  119    0.0    0.0  
  120    0.0    0.0  
  121    0.0    0.0  
  122    0.0    0.0  
  123    0.0    0.0  
  124    0.0    0.0  
  125    0.0    0.0  
  126    0.0    0.0  
  127    0.0    0.0  
  128    0.0    0.0  
  129    0.0    0.0  
  130    0.0    0.0  
  131    0.0    0.0  
  132    0.0    0.0  
  133    0.0    0.0  
  134    0.0    0.0  
  135    0.0    0.0  
  136    0.0    0.0  
  137    0.0    0.0  
  138    0.0    0.0  
  139    0.0    0.0  
  140    0.0    0.0  
  141    0.0    0.0  
  142    0.0    0.0  
  143    0.0    0.0  
  144    0.0    0.0  
  145    0.0    0.0  
  146    0.0    0.0  
  147    0.0    0.0  
  148    0.0    0.0  
  149    0.0    0.0  
  150    0.0    0.0  
  151    0.0    0.0  
  152    0.0    0.0  
  153    0.0    0.0  
  154    0.0    0.0  
  155    0.0    0.0  
  156    0.0    0.0  
  157    0.0    0.0  
  158    0.0    0.0  
  159    0.0    0.0  
  160    0.0    0.0  
  161    0.0    0.0  
  162    0.0    0.0  
  163    0.0    0.0  
  164    0.0    0.0  
  165    0.0    0.0  
  166    0.0    0.0  
  167    0.0    0.0  
  168    0.0    0.0  
  169    0.0    0.0  
  170    0.0    0.0  
  171    0.0    0.0  
  172    0.0    0.0  
  173    0.0    0.0  
  174    0.0    0.0  
  175    0.0    0.0  
  176    0.0    0.0  
