Optimization inputs/T2.4short.xml

Time Horizon: 6
Donor in t_n: no
Improving search: False
Initial policy priority to 1  t_switch: 90
dT: 4
nu: 0.5
lambda: 0.1
eps: 100
Converg. phi: 4  delta_I: 0.001  iter_search: 3

Convergence: Min/Max change in V_cal, (sim - LP)

i  j     lambda    zNLP    deaths tot_deaths t_n    conv of V_cal     vacc by area
first simulation
0  0       0        0        0.57     0.91    3.03                    3000     0 
optimal (best deaths found)
0  -1    0.0000              0.57     0.91    3.03 (    0.0,   0.0)  3000     0 
minimum (best zNLP for last lambda) w/ convergence for last LP
5  2     0.0536    29.05     0.57     0.91    3.03 (   -0.0,   0.0)     0  3000 

Outer Loop at last lambda. j_min = iter of inner loop that achieves best zNLP
iter   lambda j_min wtd deaths subopt   t_n
0      0.1000  3      0.57      0.00   3.03 
1      0.1000  2      0.57      0.00   3.03 
2      0.4000  2      0.57      0.00   3.03 
3      0.0250  2      0.57      0.00   3.03 
4      0.0714  2      0.57      0.00   0.00 
5      0.0536  2      0.57      0.00   0.00 


Inner Loop at last lambda
iter   zNLP     subopt   deaths donor_deaths tot_deaths t_n   vacc by area
0        0.00    -29.05     0.57      0.23      0.91    3.03     0  3000 
1       29.05      0.00     0.57      0.23      0.91    3.03     0  3000 
2       29.05      0.00     0.57      0.23      0.91    3.03     0  3000 


Vaccinations: sim of best LP (best j), last lambda (V_min) 
  day    V_opt by area 
   0     0.0    1000.0  
   1     0.0    1000.0  
   2     0.0    1000.0  

Optimal vaccinations (V_opt) 
  day    V_opt by area 
   0     1000    0  
   1     1000    0  
   2     1000    0  
