Optimization inputs/T2.4.xml

Time Horizon: 90
Donor in t_n: no
Improving search: False
Initial policy priority to 1  t_switch: 90
dT: 4
nu: 0.5
lambda: 0.1
eps: 100
Converg. phi: 4  delta_I: 0.001  iter_search: 8

Convergence: Min/Max change in V_cal, (sim - LP)

i  j     lambda    zNLP    deaths tot_deaths t_n    conv of V_cal     vacc by area
first simulation
0  0       0        0      722.26  1258.59   41.12                    48773  38227 
optimal (best deaths found)
3  3     0.0250            596.17   802.66   49.94 (-1704.9,   0.0)  45025  41975 
minimum (best zNLP for last lambda) w/ convergence for last LP
8  10    0.0161   770.43   606.74   883.78   47.58 ( -693.9, 322.4)  45610  41390 

Outer Loop at last lambda. j_min = iter of inner loop that achieves best zNLP
iter   lambda j_min wtd deaths subopt   t_n
0      0.1000  4    609.70     13.53  47.86 
1      0.1000  3    652.59     56.42  43.26 
2      0.4000  7    796.39    200.22  47.60 
3      0.0250  1    602.06      5.90  43.80 
4      0.0063  5    614.52     18.36  47.48 
5      0.0178  2    601.45      5.28  44.04 
6      0.0134  2    601.59      5.42  47.42 
7      0.0206  10   602.37      6.21  44.35 
8      0.0161  10   606.74     10.57  47.45 


Inner Loop at last lambda
iter   zNLP     subopt   deaths donor_deaths tot_deaths t_n   vacc by area
0        0.00   -770.43   602.37    331.33    873.41   47.86  46354  40646 
1      829.56     59.13   671.68    228.23   1115.13   43.26  47770  39230 
2      786.18     15.74   607.08    332.03    882.13   47.60  46029  40971 
3      817.30     46.87   659.97    238.17   1081.76   43.80  47573  39427 
4      781.56     11.12   607.84    328.89    886.80   47.48  45375  41625 
5      815.13     44.69   657.99    246.85   1069.13   44.04  47358  39642 
6      779.55      9.12   608.29    327.15    889.42   47.42  46181  40819 
7      806.26     35.83   649.83    251.70   1047.97   44.35  47262  39738 
8      775.93      5.50   607.96    327.28    888.64   47.45  45556  41444 
9      796.37     25.93   641.47    259.49   1023.45   44.80  47308  39692 
10     770.43      0.00   606.74    329.70    883.78   47.58  45610  41390 
11     785.99     15.56   633.35    272.92    993.78   45.32  47042  39958 
12     790.00     19.57   625.58    289.15    962.02   46.02  47244  39756 
13     807.66     37.23   643.91    255.59   1032.23   44.69  47605  39395 
14     781.08     10.64   613.62    305.37    921.86   46.75  46771  40229 
15     794.49     24.06   636.91    268.62   1005.21   45.16  47398  39602 
16     778.01      7.58   614.56    304.15    924.97   46.69  46518  40482 
17     788.90     18.47   631.79    273.26    990.32   45.41  47317  39683 
18     789.11     18.68   625.41    289.25    961.57   46.03  47241  39759 
19     800.92     30.49   638.01    259.23   1016.79   44.93  47544  39456 
20     793.58     23.15   625.69    290.58    960.80   46.02  47145  39855 


Vaccinations: sim of best LP (best j), last lambda (V_min) 
  day    V_opt by area 
   0     0.0    1000.0  
   1     0.0    1000.0  
   2     0.0    1000.0  
   3     0.0    1000.0  
   4     0.0    1000.0  
   5     0.0    1000.0  
   6     0.0    1000.0  
   7     0.0    1000.0  
   8     0.0    1000.0  
   9     0.0    1000.0  
  10     0.0    1000.0  
  11     0.0    1000.0  
  12     185.8890600028426    814.1109399971574  
  13     1000.0    0.0  
  14     1000.0    0.0  
  15     1000.0    0.0  
  16     1000.0    0.0  
  17     1000.0    0.0  
  18     1000.0    0.0  
  19     1000.0    0.0  
  20     1000.0    0.0  
  21     1000.0    0.0  
  22     1000.0    0.0  
  23     1000.0    0.0  
  24     1000.0    0.0  
  25     1000.0    0.0  
  26     1000.0    0.0  
  27     1000.0    0.0  
  28     1000.0    0.0  
  29     1000.0    0.0  
  30     1000.0    0.0  
  31     1000.0    0.0  
  32     1000.0    0.0  
  33     1000.0    0.0  
  34     1000.0    0.0  
  35     1000.0    0.0  
  36     1000.0    0.0  
  37     1000.0    0.0  
  38     1000.0    0.0  
  39     1000.0    0.0  
  40     1000.0    0.0  
  41     1000.0    0.0  
  42     1000.0    0.0  
  43     1000.0    0.0  
  44     1000.0    0.0  
  45     1000.0    0.0  
  46     1000.0    0.0  
  47     1000.0    0.0  
  48     1000.0    0.0  
  49     1000.0    0.0  
  50     1000.0    0.0  
  51     1000.0    0.0  
  52     1000.0    0.0  
  53     1000.0    0.0  
  54     1000.0    0.0  
  55     1000.0    0.0  
  56     1000.0    0.0  
  57     1000.0    0.0  
  58     423.6986001132209    576.3013998867791  
  59     0.0    1000.0  
  60     0.0    1000.0  
  61     0.0    1000.0  
  62     0.0    1000.0  
  63     0.0    1000.0  
  64     0.0    1000.0  
  65     0.0    1000.0  
  66     0.0    1000.0  
  67     0.0    1000.0  
  68     0.0    1000.0  
  69     0.0    1000.0  
  70     0.0    1000.0  
  71     0.0    1000.0  
  72     0.0    1000.0  
  73     0.0    1000.0  
  74     0.0    1000.0  
  75     0.0    1000.0  
  76     0.0    1000.0  
  77     0.0    1000.0  
  78     0.0    1000.0  
  79     0.0    1000.0  
  80     0.0    1000.0  
  81     0.0    1000.0  
  82     0.0    1000.0  
  83     0.0    1000.0  
  84     0.0    1000.0  
  85     0.0    1000.0  
  86     0.0    1000.0  

Optimal vaccinations (V_opt) 
  day    V_opt by area 
   0     0.0    1000.0  
   1     0.0    1000.0  
   2     0.0    1000.0  
   3     0.0    1000.0  
   4     0.0    1000.0  
   5     0.0    1000.0  
   6     0.0    1000.0  
   7     0.0    1000.0  
   8     0.0    1000.0  
   9     0.0    1000.0  
  10     0.0    1000.0  
  11     0.0    1000.0  
  12     0.0    1000.0  
  13     0.0    1000.0  
  14     0.0    1000.0  
  15     0.0    1000.0  
  16     0.0    1000.0  
  17     261.07241293015977    738.9275870698402  
  18     1000.0    0.0  
  19     1000.0    0.0  
  20     1000.0    0.0  
  21     1000.0    0.0  
  22     1000.0    0.0  
  23     1000.0    0.0  
  24     1000.0    0.0  
  25     1000.0    0.0  
  26     1000.0    0.0  
  27     1000.0    0.0  
  28     1000.0    0.0  
  29     1000.0    0.0  
  30     1000.0    0.0  
  31     1000.0    0.0  
  32     1000.0    0.0  
  33     1000.0    0.0  
  34     1000.0    0.0  
  35     1000.0    0.0  
  36     1000.0    0.0  
  37     1000.0    0.0  
  38     1000.0    0.0  
  39     1000.0    0.0  
  40     1000.0    0.0  
  41     1000.0    0.0  
  42     1000.0    0.0  
  43     1000.0    0.0  
  44     1000.0    0.0  
  45     1000.0    0.0  
  46     1000.0    0.0  
  47     1000.0    0.0  
  48     1000.0    0.0  
  49     1000.0    0.0  
  50     1000.0    0.0  
  51     1000.0    0.0  
  52     1000.0    0.0  
  53     1000.0    0.0  
  54     1000.0    0.0  
  55     1000.0    0.0  
  56     1000.0    0.0  
  57     1000.0    0.0  
  58     1000.0    0.0  
  59     1000.0    0.0  
  60     1000.0    0.0  
  61     1000.0    0.0  
  62     763.7113761203174    236.28862387968263  
  63     0.0    1000.0  
  64     0.0    1000.0  
  65     0.0    1000.0  
  66     0.0    1000.0  
  67     0.0    1000.0  
  68     0.0    1000.0  
  69     0.0    1000.0  
  70     0.0    1000.0  
  71     0.0    1000.0  
  72     0.0    1000.0  
  73     0.0    1000.0  
  74     0.0    1000.0  
  75     0.0    1000.0  
  76     0.0    1000.0  
  77     0.0    1000.0  
  78     0.0    1000.0  
  79     0.0    1000.0  
  80     0.0    1000.0  
  81     0.0    1000.0  
  82     0.0    1000.0  
  83     0.0    1000.0  
  84     0.0    1000.0  
  85     0.0    1000.0  
  86     0.0    1000.0  
